0 verbose cli C:\Program Files\nodejs\node.exe C:\Program Files\nodejs\node_modules\npm\bin\npm-cli.js
1 info using npm@10.2.3
2 info using node@v20.10.0
3 timing npm:load:whichnode Completed in 1ms
4 timing config:load:defaults Completed in 2ms
5 timing config:load:file:C:\Program Files\nodejs\node_modules\npm\npmrc Completed in 3ms
6 timing config:load:builtin Completed in 3ms
7 timing config:load:cli Completed in 1ms
8 timing config:load:env Completed in 0ms
9 timing config:load:file:C:\Users\JEEVAN DOMINIC\Desktop\Mini Project\FitSculpt\frontend\.npmrc Completed in 1ms
10 timing config:load:project Completed in 3ms
11 timing config:load:file:C:\Users\JEEVAN DOMINIC\.npmrc Completed in 0ms
12 timing config:load:user Completed in 0ms
13 timing config:load:file:C:\Users\JEEVAN DOMINIC\AppData\Roaming\npm\etc\npmrc Completed in 0ms
14 timing config:load:global Completed in 1ms
15 timing config:load:setEnvs Completed in 0ms
16 timing config:load Completed in 11ms
17 timing npm:load:configload Completed in 11ms
18 timing config:load:flatten Completed in 1ms
19 timing npm:load:mkdirpcache Completed in 1ms
20 timing npm:load:mkdirplogs Completed in 0ms
21 verbose title npm run build
22 verbose argv "run" "build"
23 timing npm:load:setTitle Completed in 1ms
24 timing npm:load:display Completed in 0ms
25 verbose logfile logs-max:10 dir:C:\Users\JEEVAN DOMINIC\Desktop\Mini Project\FitSculpt\frontend\AppData\Local\npm-cache\_logs\2024-07-25T16_46_40_255Z-
26 verbose logfile C:\Users\JEEVAN DOMINIC\Desktop\Mini Project\FitSculpt\frontend\AppData\Local\npm-cache\_logs\2024-07-25T16_46_40_255Z-debug-0.log
27 timing npm:load:logFile Completed in 9ms
28 timing npm:load:timers Completed in 0ms
29 timing npm:load:configScope Completed in 0ms
30 timing npm:load Completed in 50ms
31 silly logfile done cleaning log files
32 http fetch GET 200 https://registry.npmjs.org/npm 288ms (cache miss)
33 timing command:run Completed in 9673ms
34 notice
34 notice New [33mminor[39m version of npm available! [31m10.2.3[39m -> [32m10.8.2[39m
34 notice Changelog: [36mhttps://github.com/npm/cli/releases/tag/v10.8.2[39m
34 notice Run [32mnpm install -g npm@10.8.2[39m to update!
34 notice
35 verbose exit 0
36 timing npm Completed in 9794ms
37 info ok
