0 verbose cli C:\Program Files\nodejs\node.exe C:\Program Files\nodejs\node_modules\npm\bin\npm-cli.js
1 info using npm@10.2.3
2 info using node@v20.10.0
3 timing npm:load:whichnode Completed in 1ms
4 timing config:load:defaults Completed in 1ms
5 timing config:load:file:C:\Program Files\nodejs\node_modules\npm\npmrc Completed in 7ms
6 timing config:load:builtin Completed in 7ms
7 timing config:load:cli Completed in 1ms
8 timing config:load:env Completed in 1ms
9 timing config:load:project Completed in 1ms
10 timing config:load:file:C:\Users\JEEVAN DOMINIC\.npmrc Completed in 1ms
11 timing config:load:user Completed in 1ms
12 timing config:load:file:C:\Users\JEEVAN DOMINIC\AppData\Roaming\npm\etc\npmrc Completed in 1ms
13 timing config:load:global Completed in 1ms
14 timing config:load:setEnvs Completed in 0ms
15 timing config:load Completed in 13ms
16 timing npm:load:configload Completed in 13ms
17 timing config:load:flatten Completed in 1ms
18 timing npm:load:mkdirpcache Completed in 1ms
19 timing npm:load:mkdirplogs Completed in 0ms
20 verbose title npm exec create-react-app frontend
21 verbose argv "exec" "--" "create-react-app" "frontend"
22 timing npm:load:setTitle Completed in 1ms
23 timing npm:load:display Completed in 0ms
24 verbose logfile logs-max:10 dir:C:\Users\JEEVAN DOMINIC\Desktop\Mini Project\FitSculpt\AppData\Local\npm-cache\_logs\2024-07-25T16_43_46_814Z-
25 verbose logfile C:\Users\JEEVAN DOMINIC\Desktop\Mini Project\FitSculpt\AppData\Local\npm-cache\_logs\2024-07-25T16_43_46_814Z-debug-0.log
26 timing npm:load:logFile Completed in 8ms
27 timing npm:load:timers Completed in 0ms
28 timing npm:load:configScope Completed in 0ms
29 timing npm:load Completed in 48ms
30 silly logfile done cleaning log files
31 timing arborist:ctor Completed in 0ms
32 timing arborist:ctor Completed in 0ms
33 http fetch GET 200 https://registry.npmjs.org/npm 303ms (cache miss)
34 http fetch GET 200 https://registry.npmjs.org/create-react-app 459ms (cache miss)
35 timing arborist:ctor Completed in 0ms
36 timing arborist:ctor Completed in 0ms
37 timing arborist:ctor Completed in 0ms
38 timing idealTree:init Completed in 5ms
39 timing idealTree:userRequests Completed in 1ms
40 silly idealTree buildDeps
41 silly fetch manifest create-react-app@5.0.1
42 http fetch GET 200 https://registry.npmjs.org/create-react-app 14ms (cache hit)
43 silly placeDep ROOT create-react-app@5.0.1 OK for:  want: 5.0.1
44 silly fetch manifest chalk@^4.1.2
45 silly fetch manifest commander@^4.1.1
46 silly fetch manifest cross-spawn@^7.0.3
47 silly fetch manifest envinfo@^7.8.1
48 silly fetch manifest fs-extra@^10.0.0
49 silly fetch manifest hyperquest@^2.1.3
50 silly fetch manifest prompts@^2.4.2
51 silly fetch manifest semver@^7.3.5
52 silly fetch manifest tar-pack@^3.4.1
53 silly fetch manifest tmp@^0.2.1
54 silly fetch manifest validate-npm-package-name@^3.0.0
55 http fetch GET 200 https://registry.npmjs.org/chalk 80ms (cache miss)
56 http fetch GET 200 https://registry.npmjs.org/commander 88ms (cache miss)
57 http fetch GET 200 https://registry.npmjs.org/cross-spawn 128ms (cache miss)
58 http fetch GET 200 https://registry.npmjs.org/fs-extra 144ms (cache miss)
59 http fetch GET 200 https://registry.npmjs.org/prompts 161ms (cache miss)
60 http fetch GET 200 https://registry.npmjs.org/validate-npm-package-name 162ms (cache miss)
61 http fetch GET 200 https://registry.npmjs.org/semver 164ms (cache miss)
62 http fetch GET 200 https://registry.npmjs.org/tmp 164ms (cache miss)
63 http fetch GET 200 https://registry.npmjs.org/envinfo 400ms (cache miss)
64 http fetch GET 200 https://registry.npmjs.org/hyperquest 643ms (cache miss)
65 http fetch GET 200 https://registry.npmjs.org/tar-pack 1399ms (cache miss)
66 timing idealTree:#root Completed in 1421ms
67 silly placeDep ROOT chalk@4.1.2 OK for: create-react-app@5.0.1 want: ^4.1.2
68 silly fetch manifest ansi-styles@^4.1.0
69 silly fetch manifest supports-color@^7.1.0
70 silly placeDep ROOT commander@4.1.1 OK for: create-react-app@5.0.1 want: ^4.1.1
71 silly placeDep ROOT cross-spawn@7.0.3 OK for: create-react-app@5.0.1 want: ^7.0.3
72 silly fetch manifest path-key@^3.1.0
73 silly fetch manifest shebang-command@^2.0.0
74 silly fetch manifest which@^2.0.1
75 silly placeDep ROOT envinfo@7.13.0 OK for: create-react-app@5.0.1 want: ^7.8.1
76 silly placeDep ROOT fs-extra@10.1.0 OK for: create-react-app@5.0.1 want: ^10.0.0
77 silly fetch manifest graceful-fs@^4.2.0
78 silly fetch manifest jsonfile@^6.0.1
79 silly fetch manifest universalify@^2.0.0
80 silly placeDep ROOT hyperquest@2.1.3 OK for: create-react-app@5.0.1 want: ^2.1.3
81 silly fetch manifest buffer-from@^0.1.1
82 silly fetch manifest duplexer2@~0.0.2
83 silly fetch manifest through2@~0.6.3
84 silly placeDep ROOT prompts@2.4.2 OK for: create-react-app@5.0.1 want: ^2.4.2
85 silly fetch manifest kleur@^3.0.3
86 silly fetch manifest sisteransi@^1.0.5
87 silly placeDep ROOT semver@7.6.3 OK for: create-react-app@5.0.1 want: ^7.3.5
88 silly placeDep ROOT tar-pack@3.4.1 OK for: create-react-app@5.0.1 want: ^3.4.1
89 silly fetch manifest debug@^2.2.0
90 silly fetch manifest fstream@^1.0.10
91 silly fetch manifest fstream-ignore@^1.0.5
92 silly fetch manifest once@^1.3.3
93 silly fetch manifest readable-stream@^2.1.4
94 silly fetch manifest rimraf@^2.5.1
95 silly fetch manifest tar@^2.2.1
96 silly fetch manifest uid-number@^0.0.6
97 silly placeDep ROOT tmp@0.2.3 OK for: create-react-app@5.0.1 want: ^0.2.1
98 silly placeDep ROOT validate-npm-package-name@3.0.0 OK for: create-react-app@5.0.1 want: ^3.0.0
99 silly fetch manifest builtins@^1.0.3
100 http fetch GET 200 https://registry.npmjs.org/ansi-styles 143ms (cache miss)
101 http fetch GET 200 https://registry.npmjs.org/shebang-command 143ms (cache miss)
102 http fetch GET 200 https://registry.npmjs.org/buffer-from 141ms (cache miss)
103 http fetch GET 200 https://registry.npmjs.org/universalify 144ms (cache miss)
104 http fetch GET 200 https://registry.npmjs.org/supports-color 150ms (cache miss)
105 http fetch GET 200 https://registry.npmjs.org/path-key 153ms (cache miss)
106 http fetch GET 200 https://registry.npmjs.org/jsonfile 151ms (cache miss)
107 http fetch GET 200 https://registry.npmjs.org/which 155ms (cache miss)
108 http fetch GET 200 https://registry.npmjs.org/through2 154ms (cache miss)
109 http fetch GET 200 https://registry.npmjs.org/graceful-fs 165ms (cache miss)
110 http fetch GET 200 https://registry.npmjs.org/sisteransi 199ms (cache miss)
111 http fetch GET 200 https://registry.npmjs.org/fstream-ignore 198ms (cache miss)
112 http fetch GET 200 https://registry.npmjs.org/builtins 199ms (cache miss)
113 http fetch GET 200 https://registry.npmjs.org/debug 207ms (cache miss)
114 http fetch GET 200 https://registry.npmjs.org/readable-stream 216ms (cache miss)
115 http fetch GET 200 https://registry.npmjs.org/tar 225ms (cache miss)
116 http fetch GET 200 https://registry.npmjs.org/fstream 400ms (cache miss)
117 http fetch GET 200 https://registry.npmjs.org/once 669ms (cache miss)
118 http fetch GET 200 https://registry.npmjs.org/uid-number 669ms (cache miss)
119 http fetch GET 200 https://registry.npmjs.org/duplexer2 881ms (cache miss)
120 http fetch GET 200 https://registry.npmjs.org/rimraf 925ms (cache miss)
121 http fetch GET 200 https://registry.npmjs.org/kleur 1013ms (cache miss)
122 timing idealTree:node_modules/create-react-app Completed in 1027ms
123 silly placeDep ROOT ansi-styles@4.3.0 OK for: chalk@4.1.2 want: ^4.1.0
124 silly fetch manifest color-convert@^2.0.1
125 silly placeDep ROOT supports-color@7.2.0 OK for: chalk@4.1.2 want: ^7.1.0
126 silly fetch manifest has-flag@^4.0.0
127 http fetch GET 200 https://registry.npmjs.org/color-convert 57ms (cache miss)
128 http fetch GET 200 https://registry.npmjs.org/has-flag 56ms (cache miss)
129 timing idealTree:node_modules/chalk Completed in 62ms
130 silly placeDep ROOT color-convert@2.0.1 OK for: ansi-styles@4.3.0 want: ^2.0.1
131 silly fetch manifest color-name@~1.1.4
132 http fetch GET 200 https://registry.npmjs.org/color-name 55ms (cache miss)
133 timing idealTree:node_modules/ansi-styles Completed in 58ms
134 silly placeDep ROOT color-name@1.1.4 OK for: color-convert@2.0.1 want: ~1.1.4
135 timing idealTree:node_modules/color-convert Completed in 2ms
136 timing idealTree:node_modules/color-name Completed in 0ms
137 timing idealTree:node_modules/commander Completed in 1ms
138 silly placeDep ROOT path-key@3.1.1 OK for: cross-spawn@7.0.3 want: ^3.1.0
139 silly placeDep ROOT shebang-command@2.0.0 OK for: cross-spawn@7.0.3 want: ^2.0.0
140 silly fetch manifest shebang-regex@^3.0.0
141 silly placeDep ROOT which@2.0.2 OK for: cross-spawn@7.0.3 want: ^2.0.1
142 silly fetch manifest isexe@^2.0.0
143 http fetch GET 200 https://registry.npmjs.org/isexe 60ms (cache miss)
144 http fetch GET 200 https://registry.npmjs.org/shebang-regex 963ms (cache miss)
145 timing idealTree:node_modules/cross-spawn Completed in 967ms
146 timing idealTree:node_modules/envinfo Completed in 0ms
147 silly placeDep ROOT graceful-fs@4.2.11 OK for: fs-extra@10.1.0 want: ^4.2.0
148 silly placeDep ROOT jsonfile@6.1.0 OK for: fs-extra@10.1.0 want: ^6.0.1
149 silly placeDep ROOT universalify@2.0.1 OK for: fs-extra@10.1.0 want: ^2.0.0
150 timing idealTree:node_modules/fs-extra Completed in 3ms
151 timing idealTree:node_modules/graceful-fs Completed in 0ms
152 silly placeDep ROOT buffer-from@0.1.2 OK for: hyperquest@2.1.3 want: ^0.1.1
153 silly placeDep ROOT duplexer2@0.0.2 OK for: hyperquest@2.1.3 want: ~0.0.2
154 silly fetch manifest readable-stream@~1.1.9
155 silly placeDep ROOT through2@0.6.5 OK for: hyperquest@2.1.3 want: ~0.6.3
156 silly fetch manifest readable-stream@>=1.0.33-1 <1.1.0-0
157 silly fetch manifest xtend@>=4.0.0 <4.1.0-0
158 http fetch GET 200 https://registry.npmjs.org/xtend 52ms (cache miss)
159 timing idealTree:node_modules/hyperquest Completed in 56ms
160 timing idealTree:node_modules/buffer-from Completed in 0ms
161 silly placeDep ROOT readable-stream@1.1.14 OK for: duplexer2@0.0.2 want: ~1.1.9
162 silly fetch manifest core-util-is@~1.0.0
163 silly fetch manifest isarray@0.0.1
164 silly fetch manifest string_decoder@~0.10.x
165 silly fetch manifest inherits@~2.0.1
166 http fetch GET 200 https://registry.npmjs.org/string_decoder 57ms (cache miss)
167 http fetch GET 200 https://registry.npmjs.org/core-util-is 59ms (cache miss)
168 http fetch GET 200 https://registry.npmjs.org/inherits 59ms (cache miss)
169 http fetch GET 200 https://registry.npmjs.org/isarray 62ms (cache miss)
170 timing idealTree:node_modules/duplexer2 Completed in 65ms
171 timing idealTree:node_modules/jsonfile Completed in 0ms
172 timing idealTree:node_modules/path-key Completed in 0ms
173 silly placeDep ROOT kleur@3.0.3 OK for: prompts@2.4.2 want: ^3.0.3
174 silly placeDep ROOT sisteransi@1.0.5 OK for: prompts@2.4.2 want: ^1.0.5
175 timing idealTree:node_modules/prompts Completed in 2ms
176 timing idealTree:node_modules/kleur Completed in 0ms
177 silly placeDep ROOT core-util-is@1.0.3 OK for: readable-stream@1.1.14 want: ~1.0.0
178 silly placeDep ROOT inherits@2.0.4 OK for: readable-stream@1.1.14 want: ~2.0.1
179 silly placeDep ROOT isarray@0.0.1 OK for: readable-stream@1.1.14 want: 0.0.1
180 silly placeDep ROOT string_decoder@0.10.31 OK for: readable-stream@1.1.14 want: ~0.10.x
181 timing idealTree:node_modules/readable-stream Completed in 2ms
182 timing idealTree:node_modules/core-util-is Completed in 0ms
183 timing idealTree:node_modules/inherits Completed in 0ms
184 timing idealTree:node_modules/isarray Completed in 0ms
185 timing idealTree:node_modules/semver Completed in 0ms
186 silly placeDep ROOT shebang-regex@3.0.0 OK for: shebang-command@2.0.0 want: ^3.0.0
187 timing idealTree:node_modules/shebang-command Completed in 1ms
188 timing idealTree:node_modules/shebang-regex Completed in 0ms
189 timing idealTree:node_modules/sisteransi Completed in 0ms
190 timing idealTree:node_modules/string_decoder Completed in 0ms
191 silly placeDep ROOT has-flag@4.0.0 OK for: supports-color@7.2.0 want: ^4.0.0
192 timing idealTree:node_modules/supports-color Completed in 1ms
193 timing idealTree:node_modules/has-flag Completed in 0ms
194 silly placeDep ROOT debug@2.6.9 OK for: tar-pack@3.4.1 want: ^2.2.0
195 silly fetch manifest ms@2.0.0
196 silly placeDep ROOT fstream@1.0.12 OK for: tar-pack@3.4.1 want: ^1.0.10
197 silly fetch manifest mkdirp@>=0.5 0
198 silly fetch manifest rimraf@2
199 silly placeDep ROOT fstream-ignore@1.0.5 OK for: tar-pack@3.4.1 want: ^1.0.5
200 silly fetch manifest minimatch@^3.0.0
201 silly placeDep ROOT once@1.4.0 OK for: tar-pack@3.4.1 want: ^1.3.3
202 silly fetch manifest wrappy@1
203 silly placeDep node_modules/tar-pack readable-stream@2.3.8 OK for: tar-pack@3.4.1 want: ^2.1.4
204 silly fetch manifest isarray@~1.0.0
205 silly fetch manifest process-nextick-args@~2.0.0
206 silly fetch manifest safe-buffer@~5.1.1
207 silly fetch manifest string_decoder@~1.1.1
208 silly fetch manifest util-deprecate@~1.0.1
209 silly placeDep ROOT rimraf@2.7.1 OK for: tar-pack@3.4.1 want: ^2.5.1
210 silly fetch manifest glob@^7.1.3
211 silly placeDep ROOT tar@2.2.2 OK for: tar-pack@3.4.1 want: ^2.2.1
212 silly fetch manifest block-stream@*
213 silly placeDep ROOT uid-number@0.0.6 OK for: tar-pack@3.4.1 want: ^0.0.6
214 http fetch GET 200 https://registry.npmjs.org/safe-buffer 86ms (cache miss)
215 http fetch GET 200 https://registry.npmjs.org/process-nextick-args 88ms (cache miss)
216 http fetch GET 200 https://registry.npmjs.org/util-deprecate 88ms (cache miss)
217 http fetch GET 200 https://registry.npmjs.org/wrappy 92ms (cache miss)
218 http fetch GET 200 https://registry.npmjs.org/block-stream 85ms (cache miss)
219 http fetch GET 200 https://registry.npmjs.org/mkdirp 97ms (cache miss)
220 http fetch GET 200 https://registry.npmjs.org/ms 99ms (cache miss)
221 http fetch GET 200 https://registry.npmjs.org/glob 92ms (cache miss)
222 http fetch GET 200 https://registry.npmjs.org/minimatch 109ms (cache miss)
223 timing idealTree:node_modules/tar-pack Completed in 116ms
224 silly placeDep ROOT ms@2.0.0 OK for: debug@2.6.9 want: 2.0.0
225 timing idealTree:node_modules/debug Completed in 1ms
226 silly placeDep ROOT mkdirp@0.5.6 OK for: fstream@1.0.12 want: >=0.5 0
227 silly fetch manifest minimist@^1.2.6
228 http fetch GET 200 https://registry.npmjs.org/minimist 80ms (cache miss)
229 timing idealTree:node_modules/fstream Completed in 82ms
230 silly placeDep ROOT minimatch@3.1.2 OK for: fstream-ignore@1.0.5 want: ^3.0.0
231 silly fetch manifest brace-expansion@^1.1.7
232 http fetch GET 200 https://registry.npmjs.org/brace-expansion 61ms (cache miss)
233 timing idealTree:node_modules/fstream-ignore Completed in 65ms
234 silly placeDep ROOT brace-expansion@1.1.11 OK for: minimatch@3.1.2 want: ^1.1.7
235 silly fetch manifest balanced-match@^1.0.0
236 silly fetch manifest concat-map@0.0.1
237 http fetch GET 200 https://registry.npmjs.org/concat-map 51ms (cache miss)
238 http fetch GET 200 https://registry.npmjs.org/balanced-match 52ms (cache miss)
239 timing idealTree:node_modules/minimatch Completed in 55ms
240 silly placeDep ROOT balanced-match@1.0.2 OK for: brace-expansion@1.1.11 want: ^1.0.0
241 silly placeDep ROOT concat-map@0.0.1 OK for: brace-expansion@1.1.11 want: 0.0.1
242 timing idealTree:node_modules/brace-expansion Completed in 2ms
243 timing idealTree:node_modules/balanced-match Completed in 0ms
244 timing idealTree:node_modules/concat-map Completed in 0ms
245 silly placeDep ROOT minimist@1.2.8 OK for: mkdirp@0.5.6 want: ^1.2.6
246 timing idealTree:node_modules/mkdirp Completed in 2ms
247 timing idealTree:node_modules/minimist Completed in 0ms
248 timing idealTree:node_modules/ms Completed in 0ms
249 silly placeDep ROOT wrappy@1.0.2 OK for: once@1.4.0 want: 1
250 timing idealTree:node_modules/once Completed in 2ms
251 silly placeDep ROOT glob@7.2.3 OK for: rimraf@2.7.1 want: ^7.1.3
252 silly fetch manifest inflight@^1.0.4
253 silly fetch manifest fs.realpath@^1.0.0
254 silly fetch manifest path-is-absolute@^1.0.0
255 http fetch GET 200 https://registry.npmjs.org/fs.realpath 51ms (cache miss)
256 http fetch GET 200 https://registry.npmjs.org/path-is-absolute 53ms (cache miss)
257 http fetch GET 200 https://registry.npmjs.org/inflight 54ms (cache miss)
258 timing idealTree:node_modules/rimraf Completed in 56ms
259 silly placeDep ROOT fs.realpath@1.0.0 OK for: glob@7.2.3 want: ^1.0.0
260 silly placeDep ROOT inflight@1.0.6 OK for: glob@7.2.3 want: ^1.0.4
261 silly placeDep ROOT path-is-absolute@1.0.1 OK for: glob@7.2.3 want: ^1.0.0
262 timing idealTree:node_modules/glob Completed in 2ms
263 timing idealTree:node_modules/fs.realpath Completed in 0ms
264 timing idealTree:node_modules/inflight Completed in 0ms
265 timing idealTree:node_modules/path-is-absolute Completed in 0ms
266 silly placeDep ROOT block-stream@0.0.9 OK for: tar@2.2.2 want: *
267 timing idealTree:node_modules/tar Completed in 0ms
268 timing idealTree:node_modules/block-stream Completed in 0ms
269 silly placeDep node_modules/through2 readable-stream@1.0.34 OK for: through2@0.6.5 want: >=1.0.33-1 <1.1.0-0
270 silly placeDep ROOT xtend@4.0.2 OK for: through2@0.6.5 want: >=4.0.0 <4.1.0-0
271 timing idealTree:node_modules/through2 Completed in 1ms
272 timing idealTree:node_modules/tmp Completed in 0ms
273 timing idealTree:node_modules/uid-number Completed in 0ms
274 timing idealTree:node_modules/universalify Completed in 0ms
275 silly placeDep ROOT builtins@1.0.3 OK for: validate-npm-package-name@3.0.0 want: ^1.0.3
276 timing idealTree:node_modules/validate-npm-package-name Completed in 1ms
277 timing idealTree:node_modules/builtins Completed in 0ms
278 silly placeDep ROOT isexe@2.0.0 OK for: which@2.0.2 want: ^2.0.0
279 timing idealTree:node_modules/which Completed in 1ms
280 timing idealTree:node_modules/isexe Completed in 0ms
281 timing idealTree:node_modules/wrappy Completed in 0ms
282 timing idealTree:node_modules/xtend Completed in 0ms
283 silly placeDep node_modules/tar-pack isarray@1.0.0 OK for: readable-stream@2.3.8 want: ~1.0.0
284 silly placeDep ROOT process-nextick-args@2.0.1 OK for: readable-stream@2.3.8 want: ~2.0.0
285 silly placeDep ROOT safe-buffer@5.1.2 OK for: readable-stream@2.3.8 want: ~5.1.1
286 silly placeDep node_modules/tar-pack string_decoder@1.1.1 OK for: readable-stream@2.3.8 want: ~1.1.1
287 silly placeDep ROOT util-deprecate@1.0.2 OK for: readable-stream@2.3.8 want: ~1.0.1
288 timing idealTree:node_modules/tar-pack/node_modules/readable-stream Completed in 4ms
289 timing idealTree:node_modules/process-nextick-args Completed in 0ms
290 timing idealTree:node_modules/safe-buffer Completed in 0ms
291 timing idealTree:node_modules/util-deprecate Completed in 0ms
292 timing idealTree:node_modules/tar-pack/node_modules/isarray Completed in 0ms
293 timing idealTree:node_modules/tar-pack/node_modules/string_decoder Completed in 0ms
294 timing idealTree:node_modules/through2/node_modules/readable-stream Completed in 0ms
295 timing idealTree:buildDeps Completed in 4062ms
296 timing idealTree:fixDepFlags Completed in 1ms
297 timing idealTree Completed in 4070ms
298 timing reify:loadTrees Completed in 4070ms
299 timing reify:diffTrees Completed in 1ms
300 silly reify moves {}
301 timing reify:retireShallow Completed in 1ms
302 timing reify:createSparse Completed in 20ms
303 timing reify:loadBundles Completed in 0ms
304 silly audit bulk request {
304 silly audit   'create-react-app': [ '5.0.1' ],
304 silly audit   chalk: [ '4.1.2' ],
304 silly audit   commander: [ '4.1.1' ],
304 silly audit   'cross-spawn': [ '7.0.3' ],
304 silly audit   envinfo: [ '7.13.0' ],
304 silly audit   'fs-extra': [ '10.1.0' ],
304 silly audit   hyperquest: [ '2.1.3' ],
304 silly audit   prompts: [ '2.4.2' ],
304 silly audit   semver: [ '7.6.3' ],
304 silly audit   'tar-pack': [ '3.4.1' ],
304 silly audit   tmp: [ '0.2.3' ],
304 silly audit   'validate-npm-package-name': [ '3.0.0' ],
304 silly audit   'ansi-styles': [ '4.3.0' ],
304 silly audit   'supports-color': [ '7.2.0' ],
304 silly audit   'color-convert': [ '2.0.1' ],
304 silly audit   'color-name': [ '1.1.4' ],
304 silly audit   'path-key': [ '3.1.1' ],
304 silly audit   'shebang-command': [ '2.0.0' ],
304 silly audit   which: [ '2.0.2' ],
304 silly audit   'graceful-fs': [ '4.2.11' ],
304 silly audit   jsonfile: [ '6.1.0' ],
304 silly audit   universalify: [ '2.0.1' ],
304 silly audit   'buffer-from': [ '0.1.2' ],
304 silly audit   duplexer2: [ '0.0.2' ],
304 silly audit   through2: [ '0.6.5' ],
304 silly audit   'readable-stream': [ '1.1.14', '2.3.8', '1.0.34' ],
304 silly audit   kleur: [ '3.0.3' ],
304 silly audit   sisteransi: [ '1.0.5' ],
304 silly audit   'core-util-is': [ '1.0.3' ],
304 silly audit   inherits: [ '2.0.4' ],
304 silly audit   isarray: [ '0.0.1', '1.0.0' ],
304 silly audit   string_decoder: [ '0.10.31', '1.1.1' ],
304 silly audit   'shebang-regex': [ '3.0.0' ],
304 silly audit   'has-flag': [ '4.0.0' ],
304 silly audit   debug: [ '2.6.9' ],
304 silly audit   fstream: [ '1.0.12' ],
304 silly audit   'fstream-ignore': [ '1.0.5' ],
304 silly audit   once: [ '1.4.0' ],
304 silly audit   rimraf: [ '2.7.1' ],
304 silly audit   tar: [ '2.2.2' ],
304 silly audit   'uid-number': [ '0.0.6' ],
304 silly audit   ms: [ '2.0.0' ],
304 silly audit   mkdirp: [ '0.5.6' ],
304 silly audit   minimatch: [ '3.1.2' ],
304 silly audit   'brace-expansion': [ '1.1.11' ],
304 silly audit   'balanced-match': [ '1.0.2' ],
304 silly audit   'concat-map': [ '0.0.1' ],
304 silly audit   minimist: [ '1.2.8' ],
304 silly audit   wrappy: [ '1.0.2' ],
304 silly audit   glob: [ '7.2.3' ],
304 silly audit   'fs.realpath': [ '1.0.0' ],
304 silly audit   inflight: [ '1.0.6' ],
304 silly audit   'path-is-absolute': [ '1.0.1' ],
304 silly audit   'block-stream': [ '0.0.9' ],
304 silly audit   xtend: [ '4.0.2' ],
304 silly audit   builtins: [ '1.0.3' ],
304 silly audit   isexe: [ '2.0.0' ],
304 silly audit   'process-nextick-args': [ '2.0.1' ],
304 silly audit   'safe-buffer': [ '5.1.2' ],
304 silly audit   'util-deprecate': [ '1.0.2' ]
304 silly audit }
305 silly tarball no local data for process-nextick-args@https://registry.npmjs.org/process-nextick-args/-/process-nextick-args-2.0.1.tgz. Extracting by manifest.
306 silly tarball no local data for util-deprecate@https://registry.npmjs.org/util-deprecate/-/util-deprecate-1.0.2.tgz. Extracting by manifest.
307 silly tarball no local data for isexe@https://registry.npmjs.org/isexe/-/isexe-2.0.0.tgz. Extracting by manifest.
308 silly tarball no local data for xtend@https://registry.npmjs.org/xtend/-/xtend-4.0.2.tgz. Extracting by manifest.
309 silly tarball no local data for builtins@https://registry.npmjs.org/builtins/-/builtins-1.0.3.tgz. Extracting by manifest.
310 silly tarball no local data for block-stream@https://registry.npmjs.org/block-stream/-/block-stream-0.0.9.tgz. Extracting by manifest.
311 silly tarball no local data for inflight@https://registry.npmjs.org/inflight/-/inflight-1.0.6.tgz. Extracting by manifest.
312 silly tarball no local data for safe-buffer@https://registry.npmjs.org/safe-buffer/-/safe-buffer-5.1.2.tgz. Extracting by manifest.
313 silly tarball no local data for minimist@https://registry.npmjs.org/minimist/-/minimist-1.2.8.tgz. Extracting by manifest.
314 silly tarball no local data for path-is-absolute@https://registry.npmjs.org/path-is-absolute/-/path-is-absolute-1.0.1.tgz. Extracting by manifest.
315 silly tarball no local data for fs.realpath@https://registry.npmjs.org/fs.realpath/-/fs.realpath-1.0.0.tgz. Extracting by manifest.
316 silly tarball no local data for concat-map@https://registry.npmjs.org/concat-map/-/concat-map-0.0.1.tgz. Extracting by manifest.
317 silly tarball no local data for balanced-match@https://registry.npmjs.org/balanced-match/-/balanced-match-1.0.2.tgz. Extracting by manifest.
318 silly tarball no local data for wrappy@https://registry.npmjs.org/wrappy/-/wrappy-1.0.2.tgz. Extracting by manifest.
319 silly tarball no local data for glob@https://registry.npmjs.org/glob/-/glob-7.2.3.tgz. Extracting by manifest.
320 silly tarball no local data for mkdirp@https://registry.npmjs.org/mkdirp/-/mkdirp-0.5.6.tgz. Extracting by manifest.
321 silly tarball no local data for minimatch@https://registry.npmjs.org/minimatch/-/minimatch-3.1.2.tgz. Extracting by manifest.
322 silly tarball no local data for ms@https://registry.npmjs.org/ms/-/ms-2.0.0.tgz. Extracting by manifest.
323 silly tarball no local data for brace-expansion@https://registry.npmjs.org/brace-expansion/-/brace-expansion-1.1.11.tgz. Extracting by manifest.
324 silly tarball no local data for fstream-ignore@https://registry.npmjs.org/fstream-ignore/-/fstream-ignore-1.0.5.tgz. Extracting by manifest.
325 silly tarball no local data for rimraf@https://registry.npmjs.org/rimraf/-/rimraf-2.7.1.tgz. Extracting by manifest.
326 silly tarball no local data for debug@https://registry.npmjs.org/debug/-/debug-2.6.9.tgz. Extracting by manifest.
327 silly tarball no local data for tar@https://registry.npmjs.org/tar/-/tar-2.2.2.tgz. Extracting by manifest.
328 silly tarball no local data for once@https://registry.npmjs.org/once/-/once-1.4.0.tgz. Extracting by manifest.
329 silly tarball no local data for shebang-regex@https://registry.npmjs.org/shebang-regex/-/shebang-regex-3.0.0.tgz. Extracting by manifest.
330 silly tarball no local data for uid-number@https://registry.npmjs.org/uid-number/-/uid-number-0.0.6.tgz. Extracting by manifest.
331 silly tarball no local data for fstream@https://registry.npmjs.org/fstream/-/fstream-1.0.12.tgz. Extracting by manifest.
332 silly tarball no local data for kleur@https://registry.npmjs.org/kleur/-/kleur-3.0.3.tgz. Extracting by manifest.
333 silly tarball no local data for string_decoder@https://registry.npmjs.org/string_decoder/-/string_decoder-0.10.31.tgz. Extracting by manifest.
334 silly tarball no local data for core-util-is@https://registry.npmjs.org/core-util-is/-/core-util-is-1.0.3.tgz. Extracting by manifest.
335 silly tarball no local data for has-flag@https://registry.npmjs.org/has-flag/-/has-flag-4.0.0.tgz. Extracting by manifest.
336 silly tarball no local data for isarray@https://registry.npmjs.org/isarray/-/isarray-0.0.1.tgz. Extracting by manifest.
337 silly tarball no local data for readable-stream@https://registry.npmjs.org/readable-stream/-/readable-stream-1.1.14.tgz. Extracting by manifest.
338 silly tarball no local data for inherits@https://registry.npmjs.org/inherits/-/inherits-2.0.4.tgz. Extracting by manifest.
339 silly tarball no local data for buffer-from@https://registry.npmjs.org/buffer-from/-/buffer-from-0.1.2.tgz. Extracting by manifest.
340 silly tarball no local data for through2@https://registry.npmjs.org/through2/-/through2-0.6.5.tgz. Extracting by manifest.
341 silly tarball no local data for jsonfile@https://registry.npmjs.org/jsonfile/-/jsonfile-6.1.0.tgz. Extracting by manifest.
342 silly tarball no local data for duplexer2@https://registry.npmjs.org/duplexer2/-/duplexer2-0.0.2.tgz. Extracting by manifest.
343 silly tarball no local data for universalify@https://registry.npmjs.org/universalify/-/universalify-2.0.1.tgz. Extracting by manifest.
344 silly tarball no local data for graceful-fs@https://registry.npmjs.org/graceful-fs/-/graceful-fs-4.2.11.tgz. Extracting by manifest.
345 silly tarball no local data for sisteransi@https://registry.npmjs.org/sisteransi/-/sisteransi-1.0.5.tgz. Extracting by manifest.
346 silly tarball no local data for color-convert@https://registry.npmjs.org/color-convert/-/color-convert-2.0.1.tgz. Extracting by manifest.
347 silly tarball no local data for which@https://registry.npmjs.org/which/-/which-2.0.2.tgz. Extracting by manifest.
348 silly tarball no local data for shebang-command@https://registry.npmjs.org/shebang-command/-/shebang-command-2.0.0.tgz. Extracting by manifest.
349 silly tarball no local data for path-key@https://registry.npmjs.org/path-key/-/path-key-3.1.1.tgz. Extracting by manifest.
350 silly tarball no local data for color-name@https://registry.npmjs.org/color-name/-/color-name-1.1.4.tgz. Extracting by manifest.
351 silly tarball no local data for supports-color@https://registry.npmjs.org/supports-color/-/supports-color-7.2.0.tgz. Extracting by manifest.
352 silly tarball no local data for tmp@https://registry.npmjs.org/tmp/-/tmp-0.2.3.tgz. Extracting by manifest.
353 silly tarball no local data for prompts@https://registry.npmjs.org/prompts/-/prompts-2.4.2.tgz. Extracting by manifest.
354 silly tarball no local data for hyperquest@https://registry.npmjs.org/hyperquest/-/hyperquest-2.1.3.tgz. Extracting by manifest.
355 silly tarball no local data for tar-pack@https://registry.npmjs.org/tar-pack/-/tar-pack-3.4.1.tgz. Extracting by manifest.
356 silly tarball no local data for validate-npm-package-name@https://registry.npmjs.org/validate-npm-package-name/-/validate-npm-package-name-3.0.0.tgz. Extracting by manifest.
357 silly tarball no local data for ansi-styles@https://registry.npmjs.org/ansi-styles/-/ansi-styles-4.3.0.tgz. Extracting by manifest.
358 silly tarball no local data for fs-extra@https://registry.npmjs.org/fs-extra/-/fs-extra-10.1.0.tgz. Extracting by manifest.
359 silly tarball no local data for cross-spawn@https://registry.npmjs.org/cross-spawn/-/cross-spawn-7.0.3.tgz. Extracting by manifest.
360 silly tarball no local data for chalk@https://registry.npmjs.org/chalk/-/chalk-4.1.2.tgz. Extracting by manifest.
361 silly tarball no local data for envinfo@https://registry.npmjs.org/envinfo/-/envinfo-7.13.0.tgz. Extracting by manifest.
362 silly tarball no local data for semver@https://registry.npmjs.org/semver/-/semver-7.6.3.tgz. Extracting by manifest.
363 silly tarball no local data for string_decoder@https://registry.npmjs.org/string_decoder/-/string_decoder-1.1.1.tgz. Extracting by manifest.
364 silly tarball no local data for create-react-app@https://registry.npmjs.org/create-react-app/-/create-react-app-5.0.1.tgz. Extracting by manifest.
365 silly tarball no local data for commander@https://registry.npmjs.org/commander/-/commander-4.1.1.tgz. Extracting by manifest.
366 silly tarball no local data for isarray@https://registry.npmjs.org/isarray/-/isarray-1.0.0.tgz. Extracting by manifest.
367 silly tarball no local data for readable-stream@https://registry.npmjs.org/readable-stream/-/readable-stream-2.3.8.tgz. Extracting by manifest.
368 silly tarball no local data for readable-stream@https://registry.npmjs.org/readable-stream/-/readable-stream-1.0.34.tgz. Extracting by manifest.
369 http fetch GET 200 https://registry.npmjs.org/xtend/-/xtend-4.0.2.tgz 254ms (cache miss)
370 http fetch GET 200 https://registry.npmjs.org/path-is-absolute/-/path-is-absolute-1.0.1.tgz 354ms (cache miss)
371 timing reifyNode:node_modules/path-is-absolute Completed in 388ms
372 http fetch GET 200 https://registry.npmjs.org/inflight/-/inflight-1.0.6.tgz 357ms (cache miss)
373 warn deprecated inflight@1.0.6: This module is not supported, and leaks memory. Do not use it. Check out lru-cache if you want a good and tested way to coalesce async requests by a key value, which is much more comprehensive and powerful.
374 timing reifyNode:node_modules/inflight Completed in 390ms
375 http fetch GET 200 https://registry.npmjs.org/process-nextick-args/-/process-nextick-args-2.0.1.tgz 385ms (cache miss)
376 timing reifyNode:node_modules/process-nextick-args Completed in 414ms
377 http fetch GET 200 https://registry.npmjs.org/wrappy/-/wrappy-1.0.2.tgz 380ms (cache miss)
378 timing reifyNode:node_modules/wrappy Completed in 415ms
379 http fetch GET 200 https://registry.npmjs.org/block-stream/-/block-stream-0.0.9.tgz 383ms (cache miss)
380 http fetch POST 200 https://registry.npmjs.org/-/npm/v1/security/advisories/bulk 431ms
381 timing auditReport:getReport Completed in 436ms
382 silly audit report {
382 silly audit report   tar: [
382 silly audit report     {
382 silly audit report       id: 1089685,
382 silly audit report       url: 'https://github.com/advisories/GHSA-3jfq-g458-7qm9',
382 silly audit report       title: 'Arbitrary File Creation/Overwrite due to insufficient absolute path sanitization',
382 silly audit report       severity: 'high',
382 silly audit report       vulnerable_versions: '<3.2.2',
382 silly audit report       cwe: [Array],
382 silly audit report       cvss: [Object]
382 silly audit report     },
382 silly audit report     {
382 silly audit report       id: 1095117,
382 silly audit report       url: 'https://github.com/advisories/GHSA-5955-9wpr-37jh',
382 silly audit report       title: 'Arbitrary File Creation/Overwrite on Windows via insufficient relative path sanitization',
382 silly audit report       severity: 'high',
382 silly audit report       vulnerable_versions: '<4.4.18',
382 silly audit report       cwe: [Array],
382 silly audit report       cvss: [Object]
382 silly audit report     },
382 silly audit report     {
382 silly audit report       id: 1097493,
382 silly audit report       url: 'https://github.com/advisories/GHSA-f5x3-32g6-xq36',
382 silly audit report       title: 'Denial of service while parsing a tar file due to lack of folders count validation',
382 silly audit report       severity: 'moderate',
382 silly audit report       vulnerable_versions: '<6.2.1',
382 silly audit report       cwe: [Array],
382 silly audit report       cvss: [Object]
382 silly audit report     }
382 silly audit report   ]
382 silly audit report }
383 timing metavuln:packument:tar Completed in 1ms
384 http fetch GET 200 https://registry.npmjs.org/fs.realpath/-/fs.realpath-1.0.0.tgz 408ms (cache miss)
385 http fetch GET 200 https://registry.npmjs.org/safe-buffer/-/safe-buffer-5.1.2.tgz 410ms (cache miss)
386 http fetch GET 200 https://registry.npmjs.org/balanced-match/-/balanced-match-1.0.2.tgz 409ms (cache miss)
387 timing metavuln:cache:get:security-advisory:tar:Oa066nJpV2ox85F6qnk1N5eWmAmoWAMU7byYhWk4oYfHYrQ8aGHfCKRikfcy0dHDcKWKiPRc7Nz7R9fxKkj0Yw== Completed in 22ms
388 timing metavuln:load:security-advisory:tar:1089685 Completed in 7ms
389 timing metavuln:cache:get:security-advisory:tar:2lGtz15Gs28nRX11iCY/mSa25Ky4CfNVzD5qptDvtqdkLXPb/znmxdJ/4OrOyJZ2qQgFtnfxP9ee2xfimUMfuw== Completed in 30ms
390 timing metavuln:load:security-advisory:tar:1095117 Completed in 4ms
391 timing metavuln:cache:get:security-advisory:tar:xsfciMtNhQn+Vb692L8h5HEYBYUJ5Lhjy3bF//LOsKSn8tp0f1hbuDX26k9UtKJNPZjM5uuq2Cxlz3KwL19oJg== Completed in 34ms
392 timing metavuln:load:security-advisory:tar:1097493 Completed in 3ms
393 timing reifyNode:node_modules/block-stream Completed in 475ms
394 timing reifyNode:node_modules/balanced-match Completed in 492ms
395 timing reifyNode:node_modules/safe-buffer Completed in 493ms
396 timing reifyNode:node_modules/fs.realpath Completed in 492ms
397 http fetch GET 200 https://registry.npmjs.org/util-deprecate/-/util-deprecate-1.0.2.tgz 464ms (cache miss)
398 http fetch GET 200 https://registry.npmjs.org/builtins/-/builtins-1.0.3.tgz 486ms (cache miss)
399 http fetch GET 200 https://registry.npmjs.org/mkdirp/-/mkdirp-0.5.6.tgz 482ms (cache miss)
400 http fetch GET 200 https://registry.npmjs.org/ms/-/ms-2.0.0.tgz 482ms (cache miss)
401 timing reifyNode:node_modules/ms Completed in 520ms
402 timing reifyNode:node_modules/util-deprecate Completed in 522ms
403 http fetch GET 200 https://registry.npmjs.org/uid-number/-/uid-number-0.0.6.tgz 491ms (cache miss)
404 http fetch GET 200 https://registry.npmjs.org/once/-/once-1.4.0.tgz 494ms (cache miss)
405 timing reifyNode:node_modules/once Completed in 535ms
406 timing reifyNode:node_modules/xtend Completed in 546ms
407 http fetch GET 200 https://registry.npmjs.org/string_decoder/-/string_decoder-0.10.31.tgz 501ms (cache miss)
408 http fetch GET 200 https://registry.npmjs.org/brace-expansion/-/brace-expansion-1.1.11.tgz 510ms (cache miss)
409 timing reifyNode:node_modules/brace-expansion Completed in 547ms
410 http fetch GET 200 https://registry.npmjs.org/shebang-regex/-/shebang-regex-3.0.0.tgz 509ms (cache miss)
411 http fetch GET 200 https://registry.npmjs.org/inherits/-/inherits-2.0.4.tgz 507ms (cache miss)
412 timing reifyNode:node_modules/builtins Completed in 557ms
413 http fetch GET 200 https://registry.npmjs.org/kleur/-/kleur-3.0.3.tgz 516ms (cache miss)
414 timing reifyNode:node_modules/shebang-regex Completed in 558ms
415 http fetch GET 200 https://registry.npmjs.org/concat-map/-/concat-map-0.0.1.tgz 530ms (cache miss)
416 http fetch GET 200 https://registry.npmjs.org/fstream-ignore/-/fstream-ignore-1.0.5.tgz 529ms (cache miss)
417 warn deprecated fstream-ignore@1.0.5: This package is no longer supported.
418 timing reifyNode:node_modules/fstream-ignore Completed in 567ms
419 warn deprecated uid-number@0.0.6: This package is no longer supported.
420 timing reifyNode:node_modules/uid-number Completed in 573ms
421 http fetch GET 200 https://registry.npmjs.org/shebang-command/-/shebang-command-2.0.0.tgz 522ms (cache miss)
422 http fetch GET 200 https://registry.npmjs.org/graceful-fs/-/graceful-fs-4.2.11.tgz 526ms (cache miss)
423 http fetch GET 200 https://registry.npmjs.org/has-flag/-/has-flag-4.0.0.tgz 531ms (cache miss)
424 timing reifyNode:node_modules/kleur Completed in 578ms
425 http fetch GET 200 https://registry.npmjs.org/core-util-is/-/core-util-is-1.0.3.tgz 532ms (cache miss)
426 timing reifyNode:node_modules/core-util-is Completed in 578ms
427 http fetch GET 200 https://registry.npmjs.org/universalify/-/universalify-2.0.1.tgz 535ms (cache miss)
428 http fetch GET 200 https://registry.npmjs.org/isarray/-/isarray-0.0.1.tgz 539ms (cache miss)
429 timing reifyNode:node_modules/universalify Completed in 587ms
430 timing reifyNode:node_modules/string_decoder Completed in 587ms
431 http fetch GET 200 https://registry.npmjs.org/through2/-/through2-0.6.5.tgz 545ms (cache miss)
432 timing reifyNode:node_modules/shebang-command Completed in 597ms
433 http fetch GET 200 https://registry.npmjs.org/buffer-from/-/buffer-from-0.1.2.tgz 553ms (cache miss)
434 timing reifyNode:node_modules/buffer-from Completed in 602ms
435 timing reifyNode:node_modules/has-flag Completed in 603ms
436 timing reifyNode:node_modules/inherits Completed in 603ms
437 timing reifyNode:node_modules/mkdirp Completed in 603ms
438 timing reifyNode:node_modules/concat-map Completed in 604ms
439 http fetch GET 200 https://registry.npmjs.org/color-name/-/color-name-1.1.4.tgz 553ms (cache miss)
440 timing reifyNode:node_modules/color-name Completed in 606ms
441 http fetch GET 200 https://registry.npmjs.org/supports-color/-/supports-color-7.2.0.tgz 555ms (cache miss)
442 http fetch GET 200 https://registry.npmjs.org/rimraf/-/rimraf-2.7.1.tgz 573ms (cache miss)
443 warn deprecated rimraf@2.7.1: Rimraf versions prior to v4 are no longer supported
444 timing reifyNode:node_modules/rimraf Completed in 613ms
445 timing reifyNode:node_modules/isarray Completed in 616ms
446 http fetch GET 200 https://registry.npmjs.org/path-key/-/path-key-3.1.1.tgz 566ms (cache miss)
447 http fetch GET 200 https://registry.npmjs.org/cross-spawn/-/cross-spawn-7.0.3.tgz 563ms (cache miss)
448 http fetch GET 200 https://registry.npmjs.org/sisteransi/-/sisteransi-1.0.5.tgz 570ms (cache miss)
449 timing reifyNode:node_modules/through2 Completed in 623ms
450 http fetch GET 200 https://registry.npmjs.org/isexe/-/isexe-2.0.0.tgz 594ms (cache miss)
451 http fetch GET 200 https://registry.npmjs.org/minimatch/-/minimatch-3.1.2.tgz 589ms (cache miss)
452 timing reifyNode:node_modules/minimatch Completed in 625ms
453 http fetch GET 200 https://registry.npmjs.org/jsonfile/-/jsonfile-6.1.0.tgz 583ms (cache miss)
454 http fetch GET 200 https://registry.npmjs.org/ansi-styles/-/ansi-styles-4.3.0.tgz 578ms (cache miss)
455 timing reifyNode:node_modules/path-key Completed in 636ms
456 timing reifyNode:node_modules/sisteransi Completed in 637ms
457 timing reifyNode:node_modules/isexe Completed in 639ms
458 timing reifyNode:node_modules/supports-color Completed in 638ms
459 http fetch GET 200 https://registry.npmjs.org/isarray/-/isarray-1.0.0.tgz 574ms (cache miss)
460 timing metavuln:cache:put:security-advisory:tar:2lGtz15Gs28nRX11iCY/mSa25Ky4CfNVzD5qptDvtqdkLXPb/znmxdJ/4OrOyJZ2qQgFtnfxP9ee2xfimUMfuw== Completed in 174ms
461 timing metavuln:calculate:security-advisory:tar:1095117 Completed in 209ms
462 http fetch GET 200 https://registry.npmjs.org/which/-/which-2.0.2.tgz 592ms (cache miss)
463 timing reifyNode:node_modules/jsonfile Completed in 650ms
464 http fetch GET 200 https://registry.npmjs.org/create-react-app/-/create-react-app-5.0.1.tgz 587ms (cache miss)
465 timing metavuln:cache:put:security-advisory:tar:xsfciMtNhQn+Vb692L8h5HEYBYUJ5Lhjy3bF//LOsKSn8tp0f1hbuDX26k9UtKJNPZjM5uuq2Cxlz3KwL19oJg== Completed in 180ms
466 timing metavuln:calculate:security-advisory:tar:1097493 Completed in 217ms
467 timing reifyNode:node_modules/ansi-styles Completed in 651ms
468 timing metavuln:cache:put:security-advisory:tar:Oa066nJpV2ox85F6qnk1N5eWmAmoWAMU7byYhWk4oYfHYrQ8aGHfCKRikfcy0dHDcKWKiPRc7Nz7R9fxKkj0Yw== Completed in 191ms
469 timing metavuln:calculate:security-advisory:tar:1089685 Completed in 221ms
470 timing metavuln:packument:tar-pack Completed in 1ms
471 http fetch GET 200 https://registry.npmjs.org/string_decoder/-/string_decoder-1.1.1.tgz 597ms (cache miss)
472 timing metavuln:cache:get:security-advisory:tar-pack:3KXljJwoAr/NHejfU6kg41RmjF3Pg6M28t7ViuMjk5SYV3kYL9qyGZ417dIFb1Y8K+hhpo0sBWpskxrKhsZQzQ== Completed in 5ms
473 timing metavuln:load:security-advisory:tar-pack:Oa066nJpV2ox85F6qnk1N5eWmAmoWAMU7byYhWk4oYfHYrQ8aGHfCKRikfcy0dHDcKWKiPRc7Nz7R9fxKkj0Yw== Completed in 7ms
474 timing reifyNode:node_modules/which Completed in 669ms
475 timing reifyNode:node_modules/create-react-app Completed in 672ms
476 timing reifyNode:node_modules/tar-pack/node_modules/string_decoder Completed in 673ms
477 timing reifyNode:node_modules/graceful-fs Completed in 679ms
478 http fetch GET 200 https://registry.npmjs.org/color-convert/-/color-convert-2.0.1.tgz 634ms (cache miss)
479 http fetch GET 200 https://registry.npmjs.org/chalk/-/chalk-4.1.2.tgz 637ms (cache miss)
480 http fetch GET 200 https://registry.npmjs.org/duplexer2/-/duplexer2-0.0.2.tgz 646ms (cache miss)
481 timing reifyNode:node_modules/color-convert Completed in 697ms
482 timing reifyNode:node_modules/duplexer2 Completed in 702ms
483 timing reifyNode:node_modules/chalk Completed in 702ms
484 http fetch GET 200 https://registry.npmjs.org/envinfo/-/envinfo-7.13.0.tgz 649ms (cache miss)
485 timing reifyNode:node_modules/tar-pack/node_modules/isarray Completed in 709ms
486 timing reifyNode:node_modules/envinfo Completed in 712ms
487 http fetch GET 200 https://registry.npmjs.org/validate-npm-package-name/-/validate-npm-package-name-3.0.0.tgz 661ms (cache miss)
488 http fetch GET 200 https://registry.npmjs.org/glob/-/glob-7.2.3.tgz 683ms (cache miss)
489 warn deprecated glob@7.2.3: Glob versions prior to v9 are no longer supported
490 timing reifyNode:node_modules/glob Completed in 719ms
491 timing reifyNode:node_modules/validate-npm-package-name Completed in 725ms
492 http fetch GET 200 https://registry.npmjs.org/commander/-/commander-4.1.1.tgz 663ms (cache miss)
493 timing reifyNode:node_modules/commander Completed in 726ms
494 http fetch GET 200 https://registry.npmjs.org/tmp/-/tmp-0.2.3.tgz 674ms (cache miss)
495 timing reifyNode:node_modules/tmp Completed in 726ms
496 timing metavuln:cache:put:security-advisory:tar-pack:3KXljJwoAr/NHejfU6kg41RmjF3Pg6M28t7ViuMjk5SYV3kYL9qyGZ417dIFb1Y8K+hhpo0sBWpskxrKhsZQzQ== Completed in 62ms
497 timing metavuln:calculate:security-advisory:tar-pack:Oa066nJpV2ox85F6qnk1N5eWmAmoWAMU7byYhWk4oYfHYrQ8aGHfCKRikfcy0dHDcKWKiPRc7Nz7R9fxKkj0Yw== Completed in 75ms
498 timing metavuln:packument:create-react-app Completed in 0ms
499 timing metavuln:cache:get:security-advisory:create-react-app:BAP5sjD/UipbJVBCija12WlnlurqvRCOfkHPDCK3St763W6JIxpLfRD1F9PMmW4GEaZmK6BFkh/Pye257xPpCw== Completed in 3ms
500 timing metavuln:load:security-advisory:create-react-app:3KXljJwoAr/NHejfU6kg41RmjF3Pg6M28t7ViuMjk5SYV3kYL9qyGZ417dIFb1Y8K+hhpo0sBWpskxrKhsZQzQ== Completed in 9ms
501 timing reifyNode:node_modules/cross-spawn Completed in 743ms
502 http fetch GET 200 https://registry.npmjs.org/tar-pack/-/tar-pack-3.4.1.tgz 706ms (cache miss)
503 timing reifyNode:node_modules/tar-pack Completed in 763ms
504 http fetch GET 200 https://registry.npmjs.org/readable-stream/-/readable-stream-1.0.34.tgz 703ms (cache miss)
505 timing metavuln:cache:put:security-advisory:create-react-app:BAP5sjD/UipbJVBCija12WlnlurqvRCOfkHPDCK3St763W6JIxpLfRD1F9PMmW4GEaZmK6BFkh/Pye257xPpCw== Completed in 38ms
506 timing metavuln:calculate:security-advisory:create-react-app:3KXljJwoAr/NHejfU6kg41RmjF3Pg6M28t7ViuMjk5SYV3kYL9qyGZ417dIFb1Y8K+hhpo0sBWpskxrKhsZQzQ== Completed in 50ms
507 timing auditReport:init Completed in 358ms
508 timing reify:audit Completed in 796ms
509 timing reifyNode:node_modules/through2/node_modules/readable-stream Completed in 793ms
510 http fetch GET 200 https://registry.npmjs.org/debug/-/debug-2.6.9.tgz 758ms (cache miss)
511 timing reifyNode:node_modules/debug Completed in 800ms
512 http fetch GET 200 https://registry.npmjs.org/hyperquest/-/hyperquest-2.1.3.tgz 752ms (cache miss)
513 timing reifyNode:node_modules/hyperquest Completed in 808ms
514 http fetch GET 200 https://registry.npmjs.org/readable-stream/-/readable-stream-1.1.14.tgz 770ms (cache miss)
515 timing reifyNode:node_modules/readable-stream Completed in 817ms
516 http fetch GET 200 https://registry.npmjs.org/fstream/-/fstream-1.0.12.tgz 792ms (cache miss)
517 warn deprecated fstream@1.0.12: This package is no longer supported.
518 timing reifyNode:node_modules/fstream Completed in 834ms
519 http fetch GET 200 https://registry.npmjs.org/minimist/-/minimist-1.2.8.tgz 803ms (cache miss)
520 timing reifyNode:node_modules/minimist Completed in 836ms
521 http fetch GET 200 https://registry.npmjs.org/readable-stream/-/readable-stream-2.3.8.tgz 777ms (cache miss)
522 timing reifyNode:node_modules/tar-pack/node_modules/readable-stream Completed in 851ms
523 http fetch GET 200 https://registry.npmjs.org/fs-extra/-/fs-extra-10.1.0.tgz 827ms (cache miss)
524 timing reifyNode:node_modules/fs-extra Completed in 884ms
525 http fetch GET 200 https://registry.npmjs.org/semver/-/semver-7.6.3.tgz 867ms (cache miss)
526 timing reifyNode:node_modules/semver Completed in 923ms
527 http fetch GET 200 https://registry.npmjs.org/prompts/-/prompts-2.4.2.tgz 906ms (cache miss)
528 timing reifyNode:node_modules/prompts Completed in 959ms
529 http fetch GET 200 https://registry.npmjs.org/tar/-/tar-2.2.2.tgz 980ms (cache miss)
530 warn deprecated tar@2.2.2: This version of tar is no longer supported, and will not receive security updates. Please upgrade asap.
531 timing reifyNode:node_modules/tar Completed in 1021ms
532 timing reify:unpack Completed in 1022ms
533 timing reify:unretire Completed in 0ms
534 timing build:queue Completed in 2ms
535 timing build:link:node_modules/envinfo Completed in 19ms
536 timing build:link:node_modules/mkdirp Completed in 20ms
537 timing build:link:node_modules/rimraf Completed in 20ms
538 timing build:link:node_modules/which Completed in 19ms
539 timing build:link:node_modules/create-react-app Completed in 20ms
540 timing build:link:node_modules/semver Completed in 19ms
541 timing build:link Completed in 21ms
542 timing build:deps Completed in 24ms
543 timing build Completed in 25ms
544 timing reify:build Completed in 25ms
545 timing reify:trash Completed in 0ms
546 timing reify:save Completed in 31ms
547 timing reify Completed in 5202ms
548 timing command:exec Completed in 113289ms
549 notice
549 notice New [33mminor[39m version of npm available! [31m10.2.3[39m -> [32m10.8.2[39m
549 notice Changelog: [36mhttps://github.com/npm/cli/releases/tag/v10.8.2[39m
549 notice Run [32mnpm install -g npm@10.8.2[39m to update!
549 notice
550 verbose exit 0
551 timing npm Completed in 113648ms
552 info ok
