0 verbose cli C:\Program Files\nodejs\node.exe C:\Program Files\nodejs\node_modules\npm\bin\npm-cli.js
1 info using npm@10.2.3
2 info using node@v20.10.0
3 timing npm:load:whichnode Completed in 2ms
4 timing config:load:defaults Completed in 2ms
5 timing config:load:file:C:\Program Files\nodejs\node_modules\npm\npmrc Completed in 4ms
6 timing config:load:builtin Completed in 4ms
7 timing config:load:cli Completed in 2ms
8 timing config:load:env Completed in 0ms
9 timing config:load:file:C:\Users\JEEVAN DOMINIC\Desktop\Mini Project\FitSculpt\frontend\.npmrc Completed in 1ms
10 timing config:load:project Completed in 3ms
11 timing config:load:file:C:\Users\JEEVAN DOMINIC\.npmrc Completed in 0ms
12 timing config:load:user Completed in 0ms
13 timing config:load:file:C:\Users\JEEVAN DOMINIC\AppData\Roaming\npm\etc\npmrc Completed in 1ms
14 timing config:load:global Completed in 1ms
15 timing config:load:setEnvs Completed in 0ms
16 timing config:load Completed in 13ms
17 timing npm:load:configload Completed in 13ms
18 timing config:load:flatten Completed in 2ms
19 timing npm:load:mkdirpcache Completed in 1ms
20 timing npm:load:mkdirplogs Completed in 0ms
21 verbose title npm install @testing-library/jest-dom@^5.14.1 @testing-library/react@^13.0.0 @testing-library/user-event@^13.2.1 web-vitals@^2.1.0
22 verbose argv "install" "--no-audit" "--save" "@testing-library/jest-dom@^5.14.1" "@testing-library/react@^13.0.0" "@testing-library/user-event@^13.2.1" "web-vitals@^2.1.0"
23 timing npm:load:setTitle Completed in 1ms
24 timing npm:load:display Completed in 0ms
25 verbose logfile logs-max:10 dir:C:\Users\JEEVAN DOMINIC\Desktop\Mini Project\FitSculpt\AppData\Local\npm-cache\_logs\2024-07-25T16_45_27_454Z-
26 verbose logfile C:\Users\JEEVAN DOMINIC\Desktop\Mini Project\FitSculpt\AppData\Local\npm-cache\_logs\2024-07-25T16_45_27_454Z-debug-0.log
27 timing npm:load:logFile Completed in 31ms
28 timing npm:load:timers Completed in 0ms
29 timing npm:load:configScope Completed in 0ms
30 timing npm:load Completed in 77ms
31 timing arborist:ctor Completed in 1ms
32 silly logfile done cleaning log files
33 timing idealTree:init Completed in 714ms
34 timing idealTree:userRequests Completed in 2ms
35 silly idealTree buildDeps
36 silly fetch manifest @testing-library/jest-dom@^5.14.1
37 timing arborist:ctor Completed in 0ms
38 http fetch GET 200 https://registry.npmjs.org/@testing-library%2fjest-dom 559ms (cache miss)
39 silly fetch manifest @testing-library/react@^13.0.0
40 http fetch GET 200 https://registry.npmjs.org/@testing-library%2freact 123ms (cache miss)
41 silly fetch manifest react@^18.3.1
42 http fetch GET 200 https://registry.npmjs.org/react 19ms (cache hit)
43 silly fetch manifest react-dom@^18.3.1
44 http fetch GET 200 https://registry.npmjs.org/react-dom 22ms (cache hit)
45 silly fetch manifest @testing-library/user-event@^13.2.1
46 http fetch GET 200 https://registry.npmjs.org/@testing-library%2fuser-event 122ms (cache miss)
47 silly fetch manifest @testing-library/dom@>=7.21.4
48 http fetch GET 200 https://registry.npmjs.org/@testing-library%2fdom 104ms (cache miss)
49 silly fetch manifest web-vitals@^2.1.0
50 http fetch GET 200 https://registry.npmjs.org/web-vitals 60ms (cache miss)
51 silly placeDep ROOT @testing-library/jest-dom@5.17.0 OK for: frontend@0.1.0 want: ^5.14.1
52 silly fetch manifest chalk@^3.0.0
53 silly fetch manifest redent@^3.0.0
54 silly fetch manifest css.escape@^1.5.1
55 silly fetch manifest @adobe/css-tools@^4.0.1
56 silly fetch manifest dom-accessibility-api@^0.5.6
57 silly fetch manifest @types/testing-library__jest-dom@^5.9.1
58 silly placeDep ROOT @testing-library/react@13.4.0 OK for: frontend@0.1.0 want: ^13.0.0
59 silly fetch manifest @testing-library/dom@^8.5.0
60 silly fetch manifest @types/react-dom@^18.0.0
61 silly placeDep ROOT @testing-library/user-event@13.5.0 OK for: frontend@0.1.0 want: ^13.2.1
62 silly placeDep ROOT @testing-library/dom@10.4.0 OK for: @testing-library/user-event@13.5.0 want: >=7.21.4
63 silly fetch manifest @types/aria-query@^5.0.1
64 silly fetch manifest aria-query@5.3.0
65 silly fetch manifest chalk@^4.1.0
66 silly fetch manifest dom-accessibility-api@^0.5.9
67 silly fetch manifest lz-string@^1.5.0
68 silly placeDep ROOT web-vitals@2.1.4 OK for: frontend@0.1.0 want: ^2.1.0
69 http fetch GET 200 https://registry.npmjs.org/aria-query 46ms (cache hit)
70 http fetch GET 200 https://registry.npmjs.org/chalk 61ms (cache hit)
71 http fetch GET 200 https://registry.npmjs.org/chalk 51ms (cache hit)
72 http fetch GET 200 https://registry.npmjs.org/redent 89ms (cache miss)
73 http fetch GET 200 https://registry.npmjs.org/css.escape 154ms (cache miss)
74 http fetch GET 200 https://registry.npmjs.org/lz-string 146ms (cache miss)
75 http fetch GET 200 https://registry.npmjs.org/dom-accessibility-api 163ms (cache miss)
76 http fetch GET 200 https://registry.npmjs.org/@types%2faria-query 169ms (cache miss)
77 http fetch GET 200 https://registry.npmjs.org/@adobe%2fcss-tools 182ms (cache miss)
78 http fetch GET 200 https://registry.npmjs.org/@types%2ftesting-library__jest-dom 184ms (cache miss)
79 http fetch GET 200 https://registry.npmjs.org/@types%2freact-dom 186ms (cache miss)
80 http fetch GET 200 https://registry.npmjs.org/dom-accessibility-api 417ms (cache miss)
81 timing idealTree:#root Completed in 1493ms
82 silly placeDep ROOT @types/aria-query@5.0.4 OK for: @testing-library/dom@10.4.0 want: ^5.0.1
83 silly placeDep node_modules/@testing-library/dom aria-query@5.3.0 OK for: @testing-library/dom@10.4.0 want: 5.3.0
84 silly fetch manifest dequal@^2.0.3
85 silly placeDep node_modules/@testing-library/dom chalk@4.1.2 OK for: @testing-library/dom@10.4.0 want: ^4.1.0
86 silly fetch manifest ansi-styles@^4.1.0
87 silly fetch manifest supports-color@^7.1.0
88 silly placeDep ROOT dom-accessibility-api@0.5.16 OK for: @testing-library/dom@10.4.0 want: ^0.5.9
89 silly placeDep ROOT lz-string@1.5.0 OK for: @testing-library/dom@10.4.0 want: ^1.5.0
90 http fetch GET 200 https://registry.npmjs.org/ansi-styles 28ms (cache hit)
91 http fetch GET 200 https://registry.npmjs.org/supports-color 30ms (cache hit)
92 http fetch GET 200 https://registry.npmjs.org/dequal 68ms (cache miss)
93 timing idealTree:node_modules/@testing-library/dom Completed in 73ms
94 silly placeDep ROOT @adobe/css-tools@4.4.0 OK for: @testing-library/jest-dom@5.17.0 want: ^4.0.1
95 silly placeDep ROOT @types/testing-library__jest-dom@5.14.9 OK for: @testing-library/jest-dom@5.17.0 want: ^5.9.1
96 silly fetch manifest @types/jest@*
97 silly placeDep node_modules/@testing-library/jest-dom chalk@3.0.0 OK for: @testing-library/jest-dom@5.17.0 want: ^3.0.0
98 silly placeDep ROOT css.escape@1.5.1 OK for: @testing-library/jest-dom@5.17.0 want: ^1.5.1
99 silly placeDep ROOT redent@3.0.0 OK for: @testing-library/jest-dom@5.17.0 want: ^3.0.0
100 silly fetch manifest indent-string@^4.0.0
101 silly fetch manifest strip-indent@^3.0.0
102 http fetch GET 200 https://registry.npmjs.org/strip-indent 51ms (cache miss)
103 http fetch GET 200 https://registry.npmjs.org/indent-string 51ms (cache miss)
104 http fetch GET 200 https://registry.npmjs.org/@types%2fjest 76ms (cache miss)
105 timing idealTree:node_modules/@testing-library/jest-dom Completed in 83ms
106 timing idealTree:node_modules/@adobe/css-tools Completed in 0ms
107 silly placeDep node_modules/@testing-library/react @testing-library/dom@8.20.1 OK for: @testing-library/react@13.4.0 want: ^8.5.0
108 silly placeDep ROOT @types/react-dom@18.3.0 OK for: @testing-library/react@13.4.0 want: ^18.0.0
109 silly fetch manifest @types/react@*
110 http fetch GET 200 https://registry.npmjs.org/@types%2freact 132ms (cache miss)
111 timing idealTree:node_modules/@testing-library/react Completed in 139ms
112 timing idealTree:node_modules/@testing-library/user-event Completed in 0ms
113 timing idealTree:node_modules/@types/aria-query Completed in 0ms
114 silly placeDep ROOT @types/react@18.3.3 OK for: @types/react-dom@18.3.0 want: *
115 silly fetch manifest csstype@^3.0.2
116 silly fetch manifest @types/prop-types@*
117 http fetch GET 200 https://registry.npmjs.org/csstype 84ms (cache miss)
118 http fetch GET 200 https://registry.npmjs.org/@types%2fprop-types 89ms (cache miss)
119 timing idealTree:node_modules/@types/react-dom Completed in 93ms
120 silly placeDep ROOT @types/prop-types@15.7.12 OK for: @types/react@18.3.3 want: *
121 silly placeDep ROOT csstype@3.1.3 OK for: @types/react@18.3.3 want: ^3.0.2
122 timing idealTree:node_modules/@types/react Completed in 4ms
123 timing idealTree:node_modules/@types/prop-types Completed in 0ms
124 silly placeDep ROOT @types/jest@29.5.12 OK for: @types/testing-library__jest-dom@5.14.9 want: *
125 silly fetch manifest expect@^29.0.0
126 silly fetch manifest pretty-format@^29.0.0
127 http fetch GET 200 https://registry.npmjs.org/expect 14ms (cache hit)
128 http fetch GET 200 https://registry.npmjs.org/pretty-format 16ms (cache hit)
129 timing idealTree:node_modules/@types/testing-library__jest-dom Completed in 19ms
130 silly placeDep node_modules/@types/jest expect@29.7.0 OK for: @types/jest@29.5.12 want: ^29.0.0
131 silly fetch manifest jest-util@^29.7.0
132 silly fetch manifest jest-get-type@^29.6.3
133 silly fetch manifest jest-message-util@^29.7.0
134 silly fetch manifest @jest/expect-utils@^29.7.0
135 silly fetch manifest jest-matcher-utils@^29.7.0
136 silly placeDep node_modules/@types/jest pretty-format@29.7.0 OK for: @types/jest@29.5.12 want: ^29.0.0
137 silly fetch manifest react-is@^18.0.0
138 silly fetch manifest ansi-styles@^5.0.0
139 silly fetch manifest @jest/schemas@^29.6.3
140 http fetch GET 200 https://registry.npmjs.org/jest-get-type 19ms (cache hit)
141 http fetch GET 200 https://registry.npmjs.org/jest-matcher-utils 19ms (cache hit)
142 http fetch GET 200 https://registry.npmjs.org/jest-message-util 22ms (cache hit)
143 http fetch GET 200 https://registry.npmjs.org/@jest%2fschemas 27ms (cache hit)
144 http fetch GET 200 https://registry.npmjs.org/jest-util 32ms (cache hit)
145 http fetch GET 200 https://registry.npmjs.org/react-is 32ms (cache hit)
146 http fetch GET 200 https://registry.npmjs.org/@jest%2fexpect-utils 134ms (cache miss)
147 timing idealTree:node_modules/@types/jest Completed in 138ms
148 timing idealTree:node_modules/css.escape Completed in 0ms
149 timing idealTree:node_modules/csstype Completed in 0ms
150 timing idealTree:node_modules/dom-accessibility-api Completed in 0ms
151 timing idealTree:node_modules/lz-string Completed in 0ms
152 silly fetch manifest typescript@^3.2.1 || ^4
153 http fetch GET 200 https://registry.npmjs.org/typescript 21ms (cache hit)
154 silly placeDep ROOT typescript@4.9.5 REPLACE for: react-scripts@5.0.1 want: ^3.2.1 || ^4
155 timing idealTree:node_modules/react-scripts Completed in 84ms
156 silly placeDep ROOT indent-string@4.0.0 OK for: redent@3.0.0 want: ^4.0.0
157 silly placeDep ROOT strip-indent@3.0.0 OK for: redent@3.0.0 want: ^3.0.0
158 silly fetch manifest min-indent@^1.0.0
159 http fetch GET 200 https://registry.npmjs.org/min-indent 65ms (cache miss)
160 timing idealTree:node_modules/redent Completed in 69ms
161 timing idealTree:node_modules/indent-string Completed in 0ms
162 silly placeDep ROOT min-indent@1.0.1 OK for: strip-indent@3.0.0 want: ^1.0.0
163 timing idealTree:node_modules/strip-indent Completed in 2ms
164 timing idealTree:node_modules/min-indent Completed in 0ms
165 timing idealTree:node_modules/typescript Completed in 0ms
166 timing idealTree:node_modules/web-vitals Completed in 0ms
167 silly placeDep ROOT dequal@2.0.3 OK for: aria-query@5.3.0 want: ^2.0.3
168 timing idealTree:node_modules/@testing-library/dom/node_modules/aria-query Completed in 1ms
169 timing idealTree:node_modules/dequal Completed in 0ms
170 silly placeDep node_modules/@testing-library/dom ansi-styles@4.3.0 OK for: chalk@4.1.2 want: ^4.1.0
171 silly fetch manifest color-convert@^2.0.1
172 silly placeDep node_modules/@testing-library/dom supports-color@7.2.0 OK for: chalk@4.1.2 want: ^7.1.0
173 silly fetch manifest has-flag@^4.0.0
174 http fetch GET 200 https://registry.npmjs.org/has-flag 19ms (cache hit)
175 http fetch GET 200 https://registry.npmjs.org/color-convert 22ms (cache hit)
176 timing idealTree:node_modules/@testing-library/dom/node_modules/chalk Completed in 24ms
177 silly placeDep node_modules/@testing-library/dom color-convert@2.0.1 OK for: ansi-styles@4.3.0 want: ^2.0.1
178 silly fetch manifest color-name@~1.1.4
179 http fetch GET 200 https://registry.npmjs.org/color-name 8ms (cache hit)
180 timing idealTree:node_modules/@testing-library/dom/node_modules/ansi-styles Completed in 10ms
181 silly placeDep node_modules/@testing-library/dom color-name@1.1.4 OK for: color-convert@2.0.1 want: ~1.1.4
182 timing idealTree:node_modules/@testing-library/dom/node_modules/color-convert Completed in 1ms
183 timing idealTree:node_modules/@testing-library/dom/node_modules/color-name Completed in 0ms
184 silly placeDep node_modules/@testing-library/dom has-flag@4.0.0 OK for: supports-color@7.2.0 want: ^4.0.0
185 timing idealTree:node_modules/@testing-library/dom/node_modules/supports-color Completed in 1ms
186 timing idealTree:node_modules/@testing-library/dom/node_modules/has-flag Completed in 0ms
187 silly placeDep node_modules/@testing-library/jest-dom ansi-styles@4.3.0 OK for: chalk@3.0.0 want: ^4.1.0
188 silly placeDep node_modules/@testing-library/jest-dom supports-color@7.2.0 OK for: chalk@3.0.0 want: ^7.1.0
189 timing idealTree:node_modules/@testing-library/jest-dom/node_modules/chalk Completed in 3ms
190 silly placeDep node_modules/@testing-library/jest-dom color-convert@2.0.1 OK for: ansi-styles@4.3.0 want: ^2.0.1
191 timing idealTree:node_modules/@testing-library/jest-dom/node_modules/ansi-styles Completed in 1ms
192 silly placeDep node_modules/@testing-library/jest-dom color-name@1.1.4 OK for: color-convert@2.0.1 want: ~1.1.4
193 timing idealTree:node_modules/@testing-library/jest-dom/node_modules/color-convert Completed in 1ms
194 timing idealTree:node_modules/@testing-library/jest-dom/node_modules/color-name Completed in 0ms
195 silly placeDep node_modules/@testing-library/jest-dom has-flag@4.0.0 OK for: supports-color@7.2.0 want: ^4.0.0
196 timing idealTree:node_modules/@testing-library/jest-dom/node_modules/supports-color Completed in 1ms
197 timing idealTree:node_modules/@testing-library/jest-dom/node_modules/has-flag Completed in 0ms
198 silly placeDep node_modules/@testing-library/react chalk@4.1.2 OK for: @testing-library/dom@8.20.1 want: ^4.1.0
199 timing idealTree:node_modules/@testing-library/react/node_modules/@testing-library/dom Completed in 3ms
200 silly placeDep node_modules/@testing-library/react ansi-styles@4.3.0 OK for: chalk@4.1.2 want: ^4.1.0
201 silly placeDep node_modules/@testing-library/react supports-color@7.2.0 OK for: chalk@4.1.2 want: ^7.1.0
202 timing idealTree:node_modules/@testing-library/react/node_modules/chalk Completed in 3ms
203 silly placeDep node_modules/@testing-library/react color-convert@2.0.1 OK for: ansi-styles@4.3.0 want: ^2.0.1
204 timing idealTree:node_modules/@testing-library/react/node_modules/ansi-styles Completed in 1ms
205 silly placeDep node_modules/@testing-library/react color-name@1.1.4 OK for: color-convert@2.0.1 want: ~1.1.4
206 timing idealTree:node_modules/@testing-library/react/node_modules/color-convert Completed in 1ms
207 timing idealTree:node_modules/@testing-library/react/node_modules/color-name Completed in 0ms
208 silly placeDep node_modules/@testing-library/react has-flag@4.0.0 OK for: supports-color@7.2.0 want: ^4.0.0
209 timing idealTree:node_modules/@testing-library/react/node_modules/supports-color Completed in 1ms
210 timing idealTree:node_modules/@testing-library/react/node_modules/has-flag Completed in 0ms
211 silly placeDep ROOT @jest/expect-utils@29.7.0 OK for: expect@29.7.0 want: ^29.7.0
212 silly placeDep node_modules/@types/jest jest-get-type@29.6.3 OK for: expect@29.7.0 want: ^29.6.3
213 silly placeDep node_modules/@types/jest jest-matcher-utils@29.7.0 OK for: expect@29.7.0 want: ^29.7.0
214 silly fetch manifest chalk@^4.0.0
215 silly fetch manifest jest-diff@^29.7.0
216 silly placeDep node_modules/@types/jest jest-message-util@29.7.0 OK for: expect@29.7.0 want: ^29.7.0
217 silly fetch manifest @jest/types@^29.6.3
218 silly placeDep node_modules/@types/jest jest-util@29.7.0 OK for: expect@29.7.0 want: ^29.7.0
219 http fetch GET 200 https://registry.npmjs.org/@jest%2ftypes 11ms (cache hit)
220 http fetch GET 200 https://registry.npmjs.org/jest-diff 14ms (cache hit)
221 timing idealTree:node_modules/@types/jest/node_modules/expect Completed in 19ms
222 silly placeDep node_modules/@jest/expect-utils jest-get-type@29.6.3 OK for: @jest/expect-utils@29.7.0 want: ^29.6.3
223 timing idealTree:node_modules/@jest/expect-utils Completed in 0ms
224 timing idealTree:node_modules/@jest/expect-utils/node_modules/jest-get-type Completed in 0ms
225 timing idealTree:node_modules/@types/jest/node_modules/jest-get-type Completed in 0ms
226 silly placeDep node_modules/@types/jest chalk@4.1.2 OK for: jest-matcher-utils@29.7.0 want: ^4.0.0
227 silly placeDep node_modules/@types/jest jest-diff@29.7.0 OK for: jest-matcher-utils@29.7.0 want: ^29.7.0
228 silly fetch manifest diff-sequences@^29.6.3
229 http fetch GET 200 https://registry.npmjs.org/diff-sequences 7ms (cache hit)
230 timing idealTree:node_modules/@types/jest/node_modules/jest-matcher-utils Completed in 10ms
231 silly placeDep node_modules/@types/jest ansi-styles@4.3.0 OK for: chalk@4.1.2 want: ^4.1.0
232 silly placeDep node_modules/@types/jest supports-color@7.2.0 OK for: chalk@4.1.2 want: ^7.1.0
233 timing idealTree:node_modules/@types/jest/node_modules/chalk Completed in 3ms
234 silly placeDep node_modules/@types/jest color-convert@2.0.1 OK for: ansi-styles@4.3.0 want: ^2.0.1
235 timing idealTree:node_modules/@types/jest/node_modules/ansi-styles Completed in 1ms
236 silly placeDep node_modules/@types/jest color-name@1.1.4 OK for: color-convert@2.0.1 want: ~1.1.4
237 timing idealTree:node_modules/@types/jest/node_modules/color-convert Completed in 1ms
238 timing idealTree:node_modules/@types/jest/node_modules/color-name Completed in 0ms
239 silly placeDep node_modules/@types/jest diff-sequences@29.6.3 OK for: jest-diff@29.7.0 want: ^29.6.3
240 timing idealTree:node_modules/@types/jest/node_modules/jest-diff Completed in 1ms
241 timing idealTree:node_modules/@types/jest/node_modules/diff-sequences Completed in 0ms
242 silly placeDep node_modules/@types/jest @jest/types@29.6.3 OK for: jest-message-util@29.7.0 want: ^29.6.3
243 silly fetch manifest @types/yargs@^17.0.8
244 http fetch GET 200 https://registry.npmjs.org/@types%2fyargs 7ms (cache hit)
245 timing idealTree:node_modules/@types/jest/node_modules/jest-message-util Completed in 10ms
246 silly placeDep node_modules/@types/jest @jest/schemas@29.6.3 OK for: @jest/types@29.6.3 want: ^29.6.3
247 silly fetch manifest @sinclair/typebox@^0.27.8
248 silly placeDep node_modules/@types/jest @types/yargs@17.0.32 OK for: @jest/types@29.6.3 want: ^17.0.8
249 http fetch GET 200 https://registry.npmjs.org/@sinclair%2ftypebox 10ms (cache hit)
250 timing idealTree:node_modules/@types/jest/node_modules/@jest/types Completed in 14ms
251 silly placeDep node_modules/@types/jest @sinclair/typebox@0.27.8 OK for: @jest/schemas@29.6.3 want: ^0.27.8
252 timing idealTree:node_modules/@types/jest/node_modules/@jest/schemas Completed in 1ms
253 timing idealTree:node_modules/@types/jest/node_modules/@sinclair/typebox Completed in 0ms
254 timing idealTree:node_modules/@types/jest/node_modules/@types/yargs Completed in 0ms
255 timing idealTree:node_modules/@types/jest/node_modules/jest-util Completed in 0ms
256 silly placeDep node_modules/@types/jest/node_modules/pretty-format ansi-styles@5.2.0 OK for: pretty-format@29.7.0 want: ^5.0.0
257 silly placeDep node_modules/@types/jest react-is@18.3.1 OK for: pretty-format@29.7.0 want: ^18.0.0
258 timing idealTree:node_modules/@types/jest/node_modules/pretty-format Completed in 2ms
259 timing idealTree:node_modules/@types/jest/node_modules/react-is Completed in 0ms
260 silly placeDep node_modules/@types/jest has-flag@4.0.0 OK for: supports-color@7.2.0 want: ^4.0.0
261 timing idealTree:node_modules/@types/jest/node_modules/supports-color Completed in 1ms
262 timing idealTree:node_modules/@types/jest/node_modules/has-flag Completed in 0ms
263 timing idealTree:node_modules/@types/jest/node_modules/pretty-format/node_modules/ansi-styles Completed in 0ms
264 timing idealTree:buildDeps Completed in 2315ms
265 timing idealTree:fixDepFlags Completed in 6ms
266 timing idealTree Completed in 3043ms
267 timing reify:loadTrees Completed in 3045ms
268 timing reify:diffTrees Completed in 25ms
269 silly reify mark retired [
269 silly reify   'C:\\Users\\JEEVAN DOMINIC\\Desktop\\Mini Project\\FitSculpt\\frontend\\node_modules\\typescript',
269 silly reify   'C:\\Users\\JEEVAN DOMINIC\\Desktop\\Mini Project\\FitSculpt\\frontend\\node_modules\\.bin\\tsc',
269 silly reify   'C:\\Users\\JEEVAN DOMINIC\\Desktop\\Mini Project\\FitSculpt\\frontend\\node_modules\\.bin\\tsc.cmd',
269 silly reify   'C:\\Users\\JEEVAN DOMINIC\\Desktop\\Mini Project\\FitSculpt\\frontend\\node_modules\\.bin\\tsc.ps1',
269 silly reify   'C:\\Users\\JEEVAN DOMINIC\\Desktop\\Mini Project\\FitSculpt\\frontend\\node_modules\\.bin\\tsserver',
269 silly reify   'C:\\Users\\JEEVAN DOMINIC\\Desktop\\Mini Project\\FitSculpt\\frontend\\node_modules\\.bin\\tsserver.cmd',
269 silly reify   'C:\\Users\\JEEVAN DOMINIC\\Desktop\\Mini Project\\FitSculpt\\frontend\\node_modules\\.bin\\tsserver.ps1'
269 silly reify ]
270 silly reify moves {
270 silly reify   'C:\\Users\\JEEVAN DOMINIC\\Desktop\\Mini Project\\FitSculpt\\frontend\\node_modules\\typescript': 'C:\\Users\\JEEVAN DOMINIC\\Desktop\\Mini Project\\FitSculpt\\frontend\\node_modules\\.typescript-EjkBhWYc',
270 silly reify   'C:\\Users\\JEEVAN DOMINIC\\Desktop\\Mini Project\\FitSculpt\\frontend\\node_modules\\.bin\\tsc': 'C:\\Users\\JEEVAN DOMINIC\\Desktop\\Mini Project\\FitSculpt\\frontend\\node_modules\\.bin\\.tsc-bevyEAbe',
270 silly reify   'C:\\Users\\JEEVAN DOMINIC\\Desktop\\Mini Project\\FitSculpt\\frontend\\node_modules\\.bin\\tsc.cmd': 'C:\\Users\\JEEVAN DOMINIC\\Desktop\\Mini Project\\FitSculpt\\frontend\\node_modules\\.bin\\.tsc.cmd-QC0BBi44',
270 silly reify   'C:\\Users\\JEEVAN DOMINIC\\Desktop\\Mini Project\\FitSculpt\\frontend\\node_modules\\.bin\\tsc.ps1': 'C:\\Users\\JEEVAN DOMINIC\\Desktop\\Mini Project\\FitSculpt\\frontend\\node_modules\\.bin\\.tsc.ps1-CkRgtCwI',
270 silly reify   'C:\\Users\\JEEVAN DOMINIC\\Desktop\\Mini Project\\FitSculpt\\frontend\\node_modules\\.bin\\tsserver': 'C:\\Users\\JEEVAN DOMINIC\\Desktop\\Mini Project\\FitSculpt\\frontend\\node_modules\\.bin\\.tsserver-QSetbmM3',
270 silly reify   'C:\\Users\\JEEVAN DOMINIC\\Desktop\\Mini Project\\FitSculpt\\frontend\\node_modules\\.bin\\tsserver.cmd': 'C:\\Users\\JEEVAN DOMINIC\\Desktop\\Mini Project\\FitSculpt\\frontend\\node_modules\\.bin\\.tsserver.cmd-2VkUjsY2',
270 silly reify   'C:\\Users\\JEEVAN DOMINIC\\Desktop\\Mini Project\\FitSculpt\\frontend\\node_modules\\.bin\\tsserver.ps1': 'C:\\Users\\JEEVAN DOMINIC\\Desktop\\Mini Project\\FitSculpt\\frontend\\node_modules\\.bin\\.tsserver.ps1-YAdpyN1K'
270 silly reify }
271 timing reify:retireShallow Completed in 9ms
272 timing reify:createSparse Completed in 27ms
273 timing reify:loadBundles Completed in 0ms
274 verbose reify failed optional dependency C:\Users\JEEVAN DOMINIC\Desktop\Mini Project\FitSculpt\frontend\node_modules\fsevents
275 silly reify mark deleted [
275 silly reify   'C:\\Users\\JEEVAN DOMINIC\\Desktop\\Mini Project\\FitSculpt\\frontend\\node_modules\\fsevents'
275 silly reify ]
276 timing reifyNode:node_modules/fsevents Completed in 4ms
277 silly tarball no local data for @types/jest@https://registry.npmjs.org/@types/jest/-/jest-29.5.12.tgz. Extracting by manifest.
278 silly tarball no local data for @jest/expect-utils@https://registry.npmjs.org/@jest/expect-utils/-/expect-utils-29.7.0.tgz. Extracting by manifest.
279 silly tarball no local data for indent-string@https://registry.npmjs.org/indent-string/-/indent-string-4.0.0.tgz. Extracting by manifest.
280 silly tarball no local data for dequal@https://registry.npmjs.org/dequal/-/dequal-2.0.3.tgz. Extracting by manifest.
281 silly tarball no local data for min-indent@https://registry.npmjs.org/min-indent/-/min-indent-1.0.1.tgz. Extracting by manifest.
282 silly tarball no local data for redent@https://registry.npmjs.org/redent/-/redent-3.0.0.tgz. Extracting by manifest.
283 silly tarball no local data for csstype@https://registry.npmjs.org/csstype/-/csstype-3.1.3.tgz. Extracting by manifest.
284 silly tarball no local data for strip-indent@https://registry.npmjs.org/strip-indent/-/strip-indent-3.0.0.tgz. Extracting by manifest.
285 silly tarball no local data for lz-string@https://registry.npmjs.org/lz-string/-/lz-string-1.5.0.tgz. Extracting by manifest.
286 silly tarball no local data for @types/react-dom@https://registry.npmjs.org/@types/react-dom/-/react-dom-18.3.0.tgz. Extracting by manifest.
287 silly tarball no local data for @types/prop-types@https://registry.npmjs.org/@types/prop-types/-/prop-types-15.7.12.tgz. Extracting by manifest.
288 silly tarball no local data for css.escape@https://registry.npmjs.org/css.escape/-/css.escape-1.5.1.tgz. Extracting by manifest.
289 silly tarball no local data for @types/react@https://registry.npmjs.org/@types/react/-/react-18.3.3.tgz. Extracting by manifest.
290 silly tarball no local data for dom-accessibility-api@https://registry.npmjs.org/dom-accessibility-api/-/dom-accessibility-api-0.5.16.tgz. Extracting by manifest.
291 silly tarball no local data for @adobe/css-tools@https://registry.npmjs.org/@adobe/css-tools/-/css-tools-4.4.0.tgz. Extracting by manifest.
292 silly tarball no local data for @types/testing-library__jest-dom@https://registry.npmjs.org/@types/testing-library__jest-dom/-/testing-library__jest-dom-5.14.9.tgz. Extracting by manifest.
293 silly tarball no local data for @types/aria-query@https://registry.npmjs.org/@types/aria-query/-/aria-query-5.0.4.tgz. Extracting by manifest.
294 silly tarball no local data for @testing-library/dom@https://registry.npmjs.org/@testing-library/dom/-/dom-10.4.0.tgz. Extracting by manifest.
295 silly tarball no local data for web-vitals@https://registry.npmjs.org/web-vitals/-/web-vitals-2.1.4.tgz. Extracting by manifest.
296 silly tarball no local data for @testing-library/user-event@https://registry.npmjs.org/@testing-library/user-event/-/user-event-13.5.0.tgz. Extracting by manifest.
297 silly tarball no local data for typescript@https://registry.npmjs.org/typescript/-/typescript-4.9.5.tgz. Extracting by manifest.
298 silly tarball no local data for @testing-library/jest-dom@https://registry.npmjs.org/@testing-library/jest-dom/-/jest-dom-5.17.0.tgz. Extracting by manifest.
299 silly tarball no local data for @testing-library/react@https://registry.npmjs.org/@testing-library/react/-/react-13.4.0.tgz. Extracting by manifest.
300 silly tarball no local data for @sinclair/typebox@https://registry.npmjs.org/@sinclair/typebox/-/typebox-0.27.8.tgz. Extracting by manifest.
301 silly tarball no local data for @jest/types@https://registry.npmjs.org/@jest/types/-/types-29.6.3.tgz. Extracting by manifest.
302 silly tarball no local data for jest-get-type@https://registry.npmjs.org/jest-get-type/-/jest-get-type-29.6.3.tgz. Extracting by manifest.
303 silly tarball no local data for diff-sequences@https://registry.npmjs.org/diff-sequences/-/diff-sequences-29.6.3.tgz. Extracting by manifest.
304 silly tarball no local data for jest-message-util@https://registry.npmjs.org/jest-message-util/-/jest-message-util-29.7.0.tgz. Extracting by manifest.
305 silly tarball no local data for @jest/schemas@https://registry.npmjs.org/@jest/schemas/-/schemas-29.6.3.tgz. Extracting by manifest.
306 silly tarball no local data for jest-matcher-utils@https://registry.npmjs.org/jest-matcher-utils/-/jest-matcher-utils-29.7.0.tgz. Extracting by manifest.
307 silly tarball no local data for pretty-format@https://registry.npmjs.org/pretty-format/-/pretty-format-29.7.0.tgz. Extracting by manifest.
308 silly tarball no local data for jest-util@https://registry.npmjs.org/jest-util/-/jest-util-29.7.0.tgz. Extracting by manifest.
309 silly tarball no local data for jest-diff@https://registry.npmjs.org/jest-diff/-/jest-diff-29.7.0.tgz. Extracting by manifest.
310 silly tarball no local data for expect@https://registry.npmjs.org/expect/-/expect-29.7.0.tgz. Extracting by manifest.
311 silly tarball no local data for jest-get-type@https://registry.npmjs.org/jest-get-type/-/jest-get-type-29.6.3.tgz. Extracting by manifest.
312 silly tarball no local data for @testing-library/dom@https://registry.npmjs.org/@testing-library/dom/-/dom-8.20.1.tgz. Extracting by manifest.
313 silly tarball no local data for chalk@https://registry.npmjs.org/chalk/-/chalk-3.0.0.tgz. Extracting by manifest.
314 silly tarball no local data for aria-query@https://registry.npmjs.org/aria-query/-/aria-query-5.3.0.tgz. Extracting by manifest.
315 http fetch GET 200 https://registry.npmjs.org/strip-indent/-/strip-indent-3.0.0.tgz 249ms (cache miss)
316 http fetch GET 200 https://registry.npmjs.org/redent/-/redent-3.0.0.tgz 250ms (cache miss)
317 http fetch GET 200 https://registry.npmjs.org/min-indent/-/min-indent-1.0.1.tgz 252ms (cache miss)
318 timing reifyNode:node_modules/@testing-library/dom/node_modules/color-name Completed in 276ms
319 timing reifyNode:node_modules/@testing-library/react/node_modules/color-name Completed in 277ms
320 timing reifyNode:node_modules/@types/jest/node_modules/color-name Completed in 277ms
321 timing reifyNode:node_modules/@testing-library/jest-dom/node_modules/color-name Completed in 276ms
322 timing reifyNode:node_modules/min-indent Completed in 305ms
323 http fetch GET 200 https://registry.npmjs.org/indent-string/-/indent-string-4.0.0.tgz 295ms (cache miss)
324 timing reifyNode:node_modules/@types/jest/node_modules/supports-color Completed in 313ms
325 timing reifyNode:node_modules/@types/jest/node_modules/has-flag Completed in 314ms
326 timing reifyNode:node_modules/@testing-library/react/node_modules/has-flag Completed in 319ms
327 timing reifyNode:node_modules/@testing-library/dom/node_modules/has-flag Completed in 320ms
328 timing reifyNode:node_modules/@testing-library/react/node_modules/supports-color Completed in 321ms
329 http fetch GET 200 https://registry.npmjs.org/@types/jest/-/jest-29.5.12.tgz 306ms (cache miss)
330 timing reifyNode:node_modules/@testing-library/jest-dom/node_modules/has-flag Completed in 320ms
331 timing reifyNode:node_modules/@testing-library/dom/node_modules/supports-color Completed in 322ms
332 timing reifyNode:node_modules/@types/jest/node_modules/pretty-format/node_modules/ansi-styles Completed in 323ms
333 timing reifyNode:node_modules/@testing-library/dom/node_modules/ansi-styles Completed in 327ms
334 timing reifyNode:node_modules/@types/jest/node_modules/ansi-styles Completed in 328ms
335 timing reifyNode:node_modules/strip-indent Completed in 330ms
336 timing reifyNode:node_modules/@testing-library/jest-dom/node_modules/supports-color Completed in 328ms
337 timing reifyNode:node_modules/@testing-library/react/node_modules/ansi-styles Completed in 328ms
338 timing reifyNode:node_modules/@testing-library/jest-dom/node_modules/ansi-styles Completed in 330ms
339 timing reifyNode:node_modules/redent Completed in 334ms
340 timing reifyNode:node_modules/indent-string Completed in 335ms
341 timing reifyNode:node_modules/@types/jest Completed in 340ms
342 timing reifyNode:node_modules/@testing-library/react/node_modules/color-convert Completed in 384ms
343 timing reifyNode:node_modules/@types/jest/node_modules/color-convert Completed in 384ms
344 timing reifyNode:node_modules/@testing-library/jest-dom/node_modules/color-convert Completed in 384ms
345 timing reifyNode:node_modules/@testing-library/dom/node_modules/color-convert Completed in 385ms
346 http fetch GET 200 https://registry.npmjs.org/jest-get-type/-/jest-get-type-29.6.3.tgz 358ms (cache miss)
347 http fetch GET 200 https://registry.npmjs.org/@types/prop-types/-/prop-types-15.7.12.tgz 371ms (cache miss)
348 timing reifyNode:node_modules/@testing-library/react/node_modules/chalk Completed in 401ms
349 timing reifyNode:node_modules/@types/jest/node_modules/chalk Completed in 403ms
350 timing reifyNode:node_modules/@types/prop-types Completed in 404ms
351 timing reifyNode:node_modules/@jest/expect-utils/node_modules/jest-get-type Completed in 405ms
352 http fetch GET 200 https://registry.npmjs.org/@types/aria-query/-/aria-query-5.0.4.tgz 380ms (cache miss)
353 timing reifyNode:node_modules/@testing-library/dom/node_modules/chalk Completed in 407ms
354 timing reifyNode:node_modules/@types/aria-query Completed in 408ms
355 timing reifyNode:node_modules/@types/jest/node_modules/@types/yargs Completed in 413ms
356 timing reifyNode:node_modules/@types/jest/node_modules/react-is Completed in 415ms
357 http fetch GET 200 https://registry.npmjs.org/@jest/expect-utils/-/expect-utils-29.7.0.tgz 406ms (cache miss)
358 timing reifyNode:node_modules/@jest/expect-utils Completed in 429ms
359 http fetch GET 200 https://registry.npmjs.org/dequal/-/dequal-2.0.3.tgz 414ms (cache miss)
360 timing reifyNode:node_modules/dequal Completed in 437ms
361 http fetch GET 200 https://registry.npmjs.org/jest-matcher-utils/-/jest-matcher-utils-29.7.0.tgz 408ms (cache miss)
362 timing reifyNode:node_modules/@types/jest/node_modules/jest-matcher-utils Completed in 444ms
363 http fetch GET 200 https://registry.npmjs.org/@types/react-dom/-/react-dom-18.3.0.tgz 448ms (cache miss)
364 timing reifyNode:node_modules/@types/react-dom Completed in 471ms
365 http fetch GET 200 https://registry.npmjs.org/@jest/types/-/types-29.6.3.tgz 462ms (cache miss)
366 timing reifyNode:node_modules/@types/jest/node_modules/@jest/types Completed in 492ms
367 http fetch GET 200 https://registry.npmjs.org/@adobe/css-tools/-/css-tools-4.4.0.tgz 507ms (cache miss)
368 timing reifyNode:node_modules/@adobe/css-tools Completed in 532ms
369 http fetch GET 200 https://registry.npmjs.org/jest-diff/-/jest-diff-29.7.0.tgz 502ms (cache miss)
370 timing reifyNode:node_modules/@types/jest/node_modules/jest-diff Completed in 536ms
371 http fetch GET 200 https://registry.npmjs.org/expect/-/expect-29.7.0.tgz 508ms (cache miss)
372 timing reifyNode:node_modules/@types/jest/node_modules/expect Completed in 542ms
373 http fetch GET 200 https://registry.npmjs.org/pretty-format/-/pretty-format-29.7.0.tgz 512ms (cache miss)
374 timing reifyNode:node_modules/@types/jest/node_modules/pretty-format Completed in 545ms
375 http fetch GET 200 https://registry.npmjs.org/lz-string/-/lz-string-1.5.0.tgz 529ms (cache miss)
376 timing reifyNode:node_modules/lz-string Completed in 556ms
377 http fetch GET 200 https://registry.npmjs.org/csstype/-/csstype-3.1.3.tgz 570ms (cache miss)
378 timing reifyNode:node_modules/csstype Completed in 588ms
379 http fetch GET 200 https://registry.npmjs.org/@jest/schemas/-/schemas-29.6.3.tgz 812ms (cache miss)
380 http fetch GET 200 https://registry.npmjs.org/diff-sequences/-/diff-sequences-29.6.3.tgz 815ms (cache miss)
381 timing reifyNode:node_modules/@types/jest/node_modules/diff-sequences Completed in 846ms
382 timing reifyNode:node_modules/@types/jest/node_modules/@jest/schemas Completed in 857ms
383 http fetch GET 200 https://registry.npmjs.org/jest-get-type/-/jest-get-type-29.6.3.tgz 922ms (cache miss)
384 http fetch GET 200 https://registry.npmjs.org/chalk/-/chalk-3.0.0.tgz 922ms (cache miss)
385 timing reifyNode:node_modules/@testing-library/jest-dom/node_modules/chalk Completed in 957ms
386 timing reifyNode:node_modules/@types/jest/node_modules/jest-get-type Completed in 970ms
387 http fetch GET 200 https://registry.npmjs.org/css.escape/-/css.escape-1.5.1.tgz 973ms (cache miss)
388 timing reifyNode:node_modules/css.escape Completed in 1005ms
389 http fetch GET 200 https://registry.npmjs.org/@types/testing-library__jest-dom/-/testing-library__jest-dom-5.14.9.tgz 1022ms (cache miss)
390 timing reifyNode:node_modules/@types/testing-library__jest-dom Completed in 1048ms
391 http fetch GET 200 https://registry.npmjs.org/jest-message-util/-/jest-message-util-29.7.0.tgz 1025ms (cache miss)
392 timing reifyNode:node_modules/@types/jest/node_modules/jest-message-util Completed in 1060ms
393 http fetch GET 200 https://registry.npmjs.org/@types/react/-/react-18.3.3.tgz 1119ms (cache miss)
394 timing reifyNode:node_modules/@types/react Completed in 1144ms
395 http fetch GET 200 https://registry.npmjs.org/dom-accessibility-api/-/dom-accessibility-api-0.5.16.tgz 1154ms (cache miss)
396 timing reifyNode:node_modules/dom-accessibility-api Completed in 1187ms
397 http fetch GET 200 https://registry.npmjs.org/jest-util/-/jest-util-29.7.0.tgz 1207ms (cache miss)
398 timing reifyNode:node_modules/@types/jest/node_modules/jest-util Completed in 1240ms
399 http fetch GET 200 https://registry.npmjs.org/@testing-library/jest-dom/-/jest-dom-5.17.0.tgz 1227ms (cache miss)
400 timing reifyNode:node_modules/@testing-library/jest-dom Completed in 1255ms
401 http fetch GET 200 https://registry.npmjs.org/@testing-library/react/-/react-13.4.0.tgz 1277ms (cache miss)
402 timing reifyNode:node_modules/@testing-library/react Completed in 1309ms
403 http fetch GET 200 https://registry.npmjs.org/@testing-library/dom/-/dom-10.4.0.tgz 1298ms (cache miss)
404 timing reifyNode:node_modules/@testing-library/dom Completed in 1335ms
405 http fetch GET 200 https://registry.npmjs.org/@sinclair/typebox/-/typebox-0.27.8.tgz 1333ms (cache miss)
406 timing reifyNode:node_modules/@types/jest/node_modules/@sinclair/typebox Completed in 1362ms
407 http fetch GET 200 https://registry.npmjs.org/@testing-library/dom/-/dom-8.20.1.tgz 1343ms (cache miss)
408 timing reifyNode:node_modules/@testing-library/react/node_modules/@testing-library/dom Completed in 1379ms
409 http fetch GET 200 https://registry.npmjs.org/web-vitals/-/web-vitals-2.1.4.tgz 1357ms (cache miss)
410 timing reifyNode:node_modules/web-vitals Completed in 1387ms
411 http fetch GET 200 https://registry.npmjs.org/@testing-library/user-event/-/user-event-13.5.0.tgz 1403ms (cache miss)
412 timing reifyNode:node_modules/@testing-library/user-event Completed in 1433ms
413 http fetch GET 200 https://registry.npmjs.org/aria-query/-/aria-query-5.3.0.tgz 1519ms (cache miss)
414 timing reifyNode:node_modules/@testing-library/dom/node_modules/aria-query Completed in 1570ms
415 http fetch GET 200 https://registry.npmjs.org/typescript/-/typescript-4.9.5.tgz 4634ms (cache miss)
416 timing reifyNode:node_modules/typescript Completed in 4661ms
417 timing reify:unpack Completed in 4663ms
418 timing reify:unretire Completed in 0ms
419 timing build:queue Completed in 1ms
420 timing build:link:node_modules/lz-string Completed in 10ms
421 timing build:link:node_modules/typescript Completed in 10ms
422 timing build:link Completed in 11ms
423 timing build:deps Completed in 12ms
424 timing build Completed in 12ms
425 timing reify:build Completed in 13ms
426 timing reify:trash Completed in 33ms
427 timing reify:save Completed in 473ms
428 timing reify Completed in 8600ms
429 silly ADD node_modules/@jest/expect-utils
430 silly ADD node_modules/@jest/expect-utils/node_modules/jest-get-type
431 silly ADD node_modules/dequal
432 silly ADD node_modules/min-indent
433 silly ADD node_modules/strip-indent
434 silly ADD node_modules/indent-string
435 silly ADD node_modules/@types/jest
436 silly ADD node_modules/@types/jest/node_modules/has-flag
437 silly ADD node_modules/@types/jest/node_modules/react-is
438 silly ADD node_modules/@types/jest/node_modules/@sinclair/typebox
439 silly ADD node_modules/@types/jest/node_modules/@types/yargs
440 silly ADD node_modules/@types/jest/node_modules/@jest/schemas
441 silly ADD node_modules/@types/jest/node_modules/@jest/types
442 silly ADD node_modules/@types/jest/node_modules/diff-sequences
443 silly ADD node_modules/@types/jest/node_modules/color-name
444 silly ADD node_modules/@types/jest/node_modules/color-convert
445 silly ADD node_modules/@types/jest/node_modules/supports-color
446 silly ADD node_modules/@types/jest/node_modules/ansi-styles
447 silly ADD node_modules/@types/jest/node_modules/jest-diff
448 silly ADD node_modules/@types/jest/node_modules/chalk
449 silly ADD node_modules/@types/jest/node_modules/jest-util
450 silly ADD node_modules/@types/jest/node_modules/jest-message-util
451 silly ADD node_modules/@types/jest/node_modules/jest-matcher-utils
452 silly ADD node_modules/@types/jest/node_modules/jest-get-type
453 silly ADD node_modules/@types/jest/node_modules/pretty-format
454 silly ADD node_modules/@types/jest/node_modules/pretty-format/node_modules/ansi-styles
455 silly ADD node_modules/@types/jest/node_modules/expect
456 silly ADD node_modules/csstype
457 silly ADD node_modules/@types/prop-types
458 silly ADD node_modules/@types/react
459 silly ADD node_modules/@types/react-dom
460 silly ADD node_modules/redent
461 silly ADD node_modules/css.escape
462 silly ADD node_modules/@types/testing-library__jest-dom
463 silly ADD node_modules/@adobe/css-tools
464 silly ADD node_modules/lz-string
465 silly ADD node_modules/dom-accessibility-api
466 silly ADD node_modules/@types/aria-query
467 silly ADD node_modules/web-vitals
468 silly ADD node_modules/@testing-library/dom
469 silly ADD node_modules/@testing-library/dom/node_modules/has-flag
470 silly ADD node_modules/@testing-library/dom/node_modules/color-name
471 silly ADD node_modules/@testing-library/dom/node_modules/color-convert
472 silly ADD node_modules/@testing-library/dom/node_modules/supports-color
473 silly ADD node_modules/@testing-library/dom/node_modules/ansi-styles
474 silly ADD node_modules/@testing-library/dom/node_modules/chalk
475 silly ADD node_modules/@testing-library/dom/node_modules/aria-query
476 silly ADD node_modules/@testing-library/user-event
477 silly ADD node_modules/@testing-library/react
478 silly ADD node_modules/@testing-library/react/node_modules/has-flag
479 silly ADD node_modules/@testing-library/react/node_modules/color-name
480 silly ADD node_modules/@testing-library/react/node_modules/color-convert
481 silly ADD node_modules/@testing-library/react/node_modules/supports-color
482 silly ADD node_modules/@testing-library/react/node_modules/ansi-styles
483 silly ADD node_modules/@testing-library/react/node_modules/chalk
484 silly ADD node_modules/@testing-library/react/node_modules/@testing-library/dom
485 silly ADD node_modules/@testing-library/jest-dom
486 silly ADD node_modules/@testing-library/jest-dom/node_modules/has-flag
487 silly ADD node_modules/@testing-library/jest-dom/node_modules/color-name
488 silly ADD node_modules/@testing-library/jest-dom/node_modules/color-convert
489 silly ADD node_modules/@testing-library/jest-dom/node_modules/supports-color
490 silly ADD node_modules/@testing-library/jest-dom/node_modules/ansi-styles
491 silly ADD node_modules/@testing-library/jest-dom/node_modules/chalk
492 silly ADD
493 silly CHANGE node_modules/typescript
494 timing command:install Completed in 8610ms
495 verbose exit 0
496 timing npm Completed in 9065ms
497 info ok
